{"name": "Тест отображения заказов пользователя в ленте", "status": "broken", "statusDetails": {"message": "selenium.common.exceptions.JavascriptException: Message: javascript error: Unexpected token '}'\n  (Session info: chrome=138.0.7204.184)\nStacktrace:\n\tGetHandleVerifier [0x0x7ff7fa78fe75+79173]\n\tGetHandleVerifier [0x0x7ff7fa78fed0+79264]\n\t(No symbol) [0x0x7ff7fa549e5a]\n\t(No symbol) [0x0x7ff7fa55184d]\n\t(No symbol) [0x0x7ff7fa554be1]\n\t(No symbol) [0x0x7ff7fa5f22b4]\n\t(No symbol) [0x0x7ff7fa5c896a]\n\t(No symbol) [0x0x7ff7fa5f100d]\n\t(No symbol) [0x0x7ff7fa5c8743]\n\t(No symbol) [0x0x7ff7fa5914c1]\n\t(No symbol) [0x0x7ff7fa592253]\n\tGetHandleVerifier [0x0x7ff7faa5a2ad+3004797]\n\tGetHandleVerifier [0x0x7ff7faa546fd+2981325]\n\tGetHandleVerifier [0x0x7ff7faa73350+3107360]\n\tGetHandleVerifier [0x0x7ff7fa7aa9fe+188622]\n\tGetHandleVerifier [0x0x7ff7fa7b228f+219487]\n\tGetHandleVerifier [0x0x7ff7fa798dc4+115860]\n\tGetHandleVerifier [0x0x7ff7fa798f79+116297]\n\tGetHandleVerifier [0x0x7ff7fa77f528+11256]\n\tBaseThreadInitThunk [0x0x7ffdaed3259d+29]\n\tRtlUserThreadStart [0x0x7ffdb048af38+40]", "trace": "self = <tests.test_order_feed_page.TestOrderPage object at 0x0000025C961AC050>\ndriver = <selenium.webdriver.chrome.webdriver.WebDriver (session=\"4ca6f6853df7d7e7b71208534c556fa5\")>\n\n    @allure.title('Тест отображения заказов пользователя в ленте')\n    def test_user_orders_displayed_in_feed(self, driver):\n        order_feed_page = OrderFeedPage(driver)\n        main_page = MainPage(driver)\n        account_page = AccountPage(driver)\n    \n        with allure.step('Выполняем вход в аккаунт'):\n            account_page.login(EMAIL, PASSWORD)\n    \n        with allure.step('Создаем новый заказ'):\n>           main_page.drag_and_drop_ingredient()\n\ntests\\test_order_feed_page.py:35: \n_ _ _ _ _ _ _ _ _ _ _ _ _ _ _ _ _ _ _ _ _ _ _ _ _ _ _ _ _ _ _ _ _ _ _ _ _ _ _ _ _ _ _ _ _ _ _ _ _ _ _ _ _ _ _ _ _ _ _ _ _ _ _ _ _ _ _ _ _ _ _ _ _ _ _ _ _ _ _ _ \npages\\main_page.py:34: in drag_and_drop_ingredient\n    self.drag_and_drop(\npages\\base_page.py:59: in drag_and_drop\n    self.driver.execute_script(\"\"\"...\"\"\", element_from, element_to)\n..\\AppData\\Local\\Programs\\Python\\Python313\\Lib\\site-packages\\selenium\\webdriver\\remote\\webdriver.py:404: in execute_script\n    return self.execute(command, {\"script\": script, \"args\": converted_args})[\"value\"]\n..\\AppData\\Local\\Programs\\Python\\Python313\\Lib\\site-packages\\selenium\\webdriver\\remote\\webdriver.py:344: in execute\n    self.error_handler.check_response(response)\n_ _ _ _ _ _ _ _ _ _ _ _ _ _ _ _ _ _ _ _ _ _ _ _ _ _ _ _ _ _ _ _ _ _ _ _ _ _ _ _ _ _ _ _ _ _ _ _ _ _ _ _ _ _ _ _ _ _ _ _ _ _ _ _ _ _ _ _ _ _ _ _ _ _ _ _ _ _ _ _ \n\nself = <selenium.webdriver.remote.errorhandler.ErrorHandler object at 0x0000025C96706190>\nresponse = {'status': 500, 'value': '{\"value\":{\"error\":\"javascript error\",\"message\":\"javascript error: Unexpected token \\'}\\'\\\\n ...ff7fa77f528+11256]\\\\n\\\\tBaseThreadInitThunk [0x0x7ffdaed3259d+29]\\\\n\\\\tRtlUserThreadStart [0x0x7ffdb048af38+40]\\\\n\"}}'}\n\n    def check_response(self, response: Dict[str, Any]) -> None:\n        \"\"\"Checks that a JSON response from the WebDriver does not have an\n        error.\n    \n        :Args:\n         - response - The JSON response from the WebDriver server as a dictionary\n           object.\n    \n        :Raises: If the response contains an error message.\n        \"\"\"\n        status = response.get(\"status\", None)\n        if not status or status == ErrorCode.SUCCESS:\n            return\n        value = None\n        message = response.get(\"message\", \"\")\n        screen: str = response.get(\"screen\", \"\")\n        stacktrace = None\n        if isinstance(status, int):\n            value_json = response.get(\"value\", None)\n            if value_json and isinstance(value_json, str):\n                import json\n    \n                try:\n                    value = json.loads(value_json)\n                    if len(value) == 1:\n                        value = value[\"value\"]\n                    status = value.get(\"error\", None)\n                    if not status:\n                        status = value.get(\"status\", ErrorCode.UNKNOWN_ERROR)\n                        message = value.get(\"value\") or value.get(\"message\")\n                        if not isinstance(message, str):\n                            value = message\n                            message = message.get(\"message\")\n                    else:\n                        message = value.get(\"message\", None)\n                except ValueError:\n                    pass\n    \n        exception_class: Type[WebDriverException]\n        e = ErrorCode()\n        error_codes = [item for item in dir(e) if not item.startswith(\"__\")]\n        for error_code in error_codes:\n            error_info = getattr(ErrorCode, error_code)\n            if isinstance(error_info, list) and status in error_info:\n                exception_class = getattr(ExceptionMapping, error_code, WebDriverException)\n                break\n        else:\n            exception_class = WebDriverException\n    \n        if not value:\n            value = response[\"value\"]\n        if isinstance(value, str):\n            raise exception_class(value)\n        if message == \"\" and \"message\" in value:\n            message = value[\"message\"]\n    \n        screen = None  # type: ignore[assignment]\n        if \"screen\" in value:\n            screen = value[\"screen\"]\n    \n        stacktrace = None\n        st_value = value.get(\"stackTrace\") or value.get(\"stacktrace\")\n        if st_value:\n            if isinstance(st_value, str):\n                stacktrace = st_value.split(\"\\n\")\n            else:\n                stacktrace = []\n                try:\n                    for frame in st_value:\n                        line = frame.get(\"lineNumber\", \"\")\n                        file = frame.get(\"fileName\", \"<anonymous>\")\n                        if line:\n                            file = f\"{file}:{line}\"\n                        meth = frame.get(\"methodName\", \"<anonymous>\")\n                        if \"className\" in frame:\n                            meth = f\"{frame['className']}.{meth}\"\n                        msg = \"    at %s (%s)\"\n                        msg = msg % (meth, file)\n                        stacktrace.append(msg)\n                except TypeError:\n                    pass\n        if exception_class == UnexpectedAlertPresentException:\n            alert_text = None\n            if \"data\" in value:\n                alert_text = value[\"data\"].get(\"text\")\n            elif \"alert\" in value:\n                alert_text = value[\"alert\"].get(\"text\")\n            raise exception_class(message, screen, stacktrace, alert_text)  # type: ignore[call-arg]  # mypy is not smart enough here\n>       raise exception_class(message, screen, stacktrace)\nE       selenium.common.exceptions.JavascriptException: Message: javascript error: Unexpected token '}'\nE         (Session info: chrome=138.0.7204.184)\nE       Stacktrace:\nE       \tGetHandleVerifier [0x0x7ff7fa78fe75+79173]\nE       \tGetHandleVerifier [0x0x7ff7fa78fed0+79264]\nE       \t(No symbol) [0x0x7ff7fa549e5a]\nE       \t(No symbol) [0x0x7ff7fa55184d]\nE       \t(No symbol) [0x0x7ff7fa554be1]\nE       \t(No symbol) [0x0x7ff7fa5f22b4]\nE       \t(No symbol) [0x0x7ff7fa5c896a]\nE       \t(No symbol) [0x0x7ff7fa5f100d]\nE       \t(No symbol) [0x0x7ff7fa5c8743]\nE       \t(No symbol) [0x0x7ff7fa5914c1]\nE       \t(No symbol) [0x0x7ff7fa592253]\nE       \tGetHandleVerifier [0x0x7ff7faa5a2ad+3004797]\nE       \tGetHandleVerifier [0x0x7ff7faa546fd+2981325]\nE       \tGetHandleVerifier [0x0x7ff7faa73350+3107360]\nE       \tGetHandleVerifier [0x0x7ff7fa7aa9fe+188622]\nE       \tGetHandleVerifier [0x0x7ff7fa7b228f+219487]\nE       \tGetHandleVerifier [0x0x7ff7fa798dc4+115860]\nE       \tGetHandleVerifier [0x0x7ff7fa798f79+116297]\nE       \tGetHandleVerifier [0x0x7ff7fa77f528+11256]\nE       \tBaseThreadInitThunk [0x0x7ffdaed3259d+29]\nE       \tRtlUserThreadStart [0x0x7ffdb048af38+40]\n\n..\\AppData\\Local\\Programs\\Python\\Python313\\Lib\\site-packages\\selenium\\webdriver\\remote\\errorhandler.py:229: JavascriptException"}, "steps": [{"name": "Выполняем вход в аккаунт", "status": "passed", "steps": [{"name": "Выполняем логин с email: 'goroshko_24@gmail.com'", "status": "passed", "steps": [{"name": "Открываем страницу логина", "status": "passed", "steps": [{"name": "Навигация по URL: 'https://stellarburgers.nomoreparties.site/login'", "status": "passed", "parameters": [{"name": "url", "value": "'https://stellarburgers.nomoreparties.site/login'"}], "start": 1754667786471, "stop": 1754667787144}], "start": 1754667786471, "stop": 1754667787144}, {"name": "Вводим текст ''goroshko_24@gmail.com'' в элемент: ('xpath', \"//input[@name='name']\")", "status": "passed", "steps": [{"name": "Ожидаем элемент: ('xpath', \"//input[@name='name']\")", "status": "passed", "parameters": [{"name": "locator", "value": "('xpath', \"//input[@name='name']\")"}], "start": 1754667787144, "stop": 1754667787172}], "parameters": [{"name": "locator", "value": "('xpath', \"//input[@name='name']\")"}, {"name": "text", "value": "'goroshko_24@gmail.com'"}], "start": 1754667787144, "stop": 1754667787298}, {"name": "Вводим текст ''7160952'' в элемент: ('xpath', \"//input[@name='Пароль']\")", "status": "passed", "steps": [{"name": "Ожидаем элемент: ('xpath', \"//input[@name='Пароль']\")", "status": "passed", "parameters": [{"name": "locator", "value": "('xpath', \"//input[@name='Пароль']\")"}], "start": 1754667787298, "stop": 1754667787323}], "parameters": [{"name": "locator", "value": "('xpath', \"//input[@name='Пароль']\")"}, {"name": "text", "value": "'7160952'"}], "start": 1754667787298, "stop": 1754667787373}, {"name": "Кликаем по элементу через JS: ('css selector', '.button_button__33qZ0')", "status": "passed", "parameters": [{"name": "locator", "value": "('css selector', '.button_button__33qZ0')"}], "start": 1754667787373, "stop": 1754667787387}], "parameters": [{"name": "email", "value": "'goroshko_24@gmail.com'"}, {"name": "password", "value": "'7160952'"}], "start": 1754667786471, "stop": 1754667787387}], "start": 1754667786471, "stop": 1754667787387}, {"name": "Создаем новый заказ", "status": "broken", "statusDetails": {"message": "selenium.common.exceptions.JavascriptException: Message: javascript error: Unexpected token '}'\n  (Session info: chrome=138.0.7204.184)\nStacktrace:\n\tGetHandleVerifier [0x0x7ff7fa78fe75+79173]\n\tGetHandleVerifier [0x0x7ff7fa78fed0+79264]\n\t(No symbol) [0x0x7ff7fa549e5a]\n\t(No symbol) [0x0x7ff7fa55184d]\n\t(No symbol) [0x0x7ff7fa554be1]\n\t(No symbol) [0x0x7ff7fa5f22b4]\n\t(No symbol) [0x0x7ff7fa5c896a]\n\t(No symbol) [0x0x7ff7fa5f100d]\n\t(No symbol) [0x0x7ff7fa5c8743]\n\t(No symbol) [0x0x7ff7fa5914c1]\n\t(No symbol) [0x0x7ff7fa592253]\n\tGetHandleVerifier [0x0x7ff7faa5a2ad+3004797]\n\tGetHandleVerifier [0x0x7ff7faa546fd+2981325]\n\tGetHandleVerifier [0x0x7ff7faa73350+3107360]\n\tGetHandleVerifier [0x0x7ff7fa7aa9fe+188622]\n\tGetHandleVerifier [0x0x7ff7fa7b228f+219487]\n\tGetHandleVerifier [0x0x7ff7fa798dc4+115860]\n\tGetHandleVerifier [0x0x7ff7fa798f79+116297]\n\tGetHandleVerifier [0x0x7ff7fa77f528+11256]\n\tBaseThreadInitThunk [0x0x7ffdaed3259d+29]\n\tRtlUserThreadStart [0x0x7ffdb048af38+40]\n\n", "trace": "  File \"C:\\Users\\Roggerus\\Diplom_3\\tests\\test_order_feed_page.py\", line 35, in test_user_orders_displayed_in_feed\n    main_page.drag_and_drop_ingredient()\n    ~~~~~~~~~~~~~~~~~~~~~~~~~~~~~~~~~~^^\n  File \"C:\\Users\\Roggerus\\AppData\\Local\\Programs\\Python\\Python313\\Lib\\site-packages\\allure_commons\\_allure.py\", line 202, in impl\n    return func(*a, **kw)\n  File \"C:\\Users\\Roggerus\\Diplom_3\\pages\\main_page.py\", line 34, in drag_and_drop_ingredient\n    self.drag_and_drop(\n    ~~~~~~~~~~~~~~~~~~^\n        MainPageLocators.INGREDIENT_R2D3_BUN,\n        ^^^^^^^^^^^^^^^^^^^^^^^^^^^^^^^^^^^^^\n        MainPageLocators.ORDER_TARGET_TOP\n        ^^^^^^^^^^^^^^^^^^^^^^^^^^^^^^^^^\n    )\n    ^\n  File \"C:\\Users\\Roggerus\\AppData\\Local\\Programs\\Python\\Python313\\Lib\\site-packages\\allure_commons\\_allure.py\", line 202, in impl\n    return func(*a, **kw)\n  File \"C:\\Users\\Roggerus\\Diplom_3\\pages\\base_page.py\", line 59, in drag_and_drop\n    self.driver.execute_script(\"\"\"...\"\"\", element_from, element_to)\n    ~~~~~~~~~~~~~~~~~~~~~~~~~~^^^^^^^^^^^^^^^^^^^^^^^^^^^^^^^^^^^^^\n  File \"C:\\Users\\Roggerus\\AppData\\Local\\Programs\\Python\\Python313\\Lib\\site-packages\\selenium\\webdriver\\remote\\webdriver.py\", line 404, in execute_script\n    return self.execute(command, {\"script\": script, \"args\": converted_args})[\"value\"]\n           ~~~~~~~~~~~~^^^^^^^^^^^^^^^^^^^^^^^^^^^^^^^^^^^^^^^^^^^^^^^^^^^^^\n  File \"C:\\Users\\Roggerus\\AppData\\Local\\Programs\\Python\\Python313\\Lib\\site-packages\\selenium\\webdriver\\remote\\webdriver.py\", line 344, in execute\n    self.error_handler.check_response(response)\n    ~~~~~~~~~~~~~~~~~~~~~~~~~~~~~~~~~^^^^^^^^^^\n  File \"C:\\Users\\Roggerus\\AppData\\Local\\Programs\\Python\\Python313\\Lib\\site-packages\\selenium\\webdriver\\remote\\errorhandler.py\", line 229, in check_response\n    raise exception_class(message, screen, stacktrace)\n"}, "steps": [{"name": "Перетаскиваем ингредиент в конструктор", "status": "broken", "statusDetails": {"message": "selenium.common.exceptions.JavascriptException: Message: javascript error: Unexpected token '}'\n  (Session info: chrome=138.0.7204.184)\nStacktrace:\n\tGetHandleVerifier [0x0x7ff7fa78fe75+79173]\n\tGetHandleVerifier [0x0x7ff7fa78fed0+79264]\n\t(No symbol) [0x0x7ff7fa549e5a]\n\t(No symbol) [0x0x7ff7fa55184d]\n\t(No symbol) [0x0x7ff7fa554be1]\n\t(No symbol) [0x0x7ff7fa5f22b4]\n\t(No symbol) [0x0x7ff7fa5c896a]\n\t(No symbol) [0x0x7ff7fa5f100d]\n\t(No symbol) [0x0x7ff7fa5c8743]\n\t(No symbol) [0x0x7ff7fa5914c1]\n\t(No symbol) [0x0x7ff7fa592253]\n\tGetHandleVerifier [0x0x7ff7faa5a2ad+3004797]\n\tGetHandleVerifier [0x0x7ff7faa546fd+2981325]\n\tGetHandleVerifier [0x0x7ff7faa73350+3107360]\n\tGetHandleVerifier [0x0x7ff7fa7aa9fe+188622]\n\tGetHandleVerifier [0x0x7ff7fa7b228f+219487]\n\tGetHandleVerifier [0x0x7ff7fa798dc4+115860]\n\tGetHandleVerifier [0x0x7ff7fa798f79+116297]\n\tGetHandleVerifier [0x0x7ff7fa77f528+11256]\n\tBaseThreadInitThunk [0x0x7ffdaed3259d+29]\n\tRtlUserThreadStart [0x0x7ffdb048af38+40]\n\n", "trace": "  File \"C:\\Users\\Roggerus\\AppData\\Local\\Programs\\Python\\Python313\\Lib\\site-packages\\allure_commons\\_allure.py\", line 202, in impl\n    return func(*a, **kw)\n  File \"C:\\Users\\Roggerus\\Diplom_3\\pages\\main_page.py\", line 34, in drag_and_drop_ingredient\n    self.drag_and_drop(\n    ~~~~~~~~~~~~~~~~~~^\n        MainPageLocators.INGREDIENT_R2D3_BUN,\n        ^^^^^^^^^^^^^^^^^^^^^^^^^^^^^^^^^^^^^\n        MainPageLocators.ORDER_TARGET_TOP\n        ^^^^^^^^^^^^^^^^^^^^^^^^^^^^^^^^^\n    )\n    ^\n  File \"C:\\Users\\Roggerus\\AppData\\Local\\Programs\\Python\\Python313\\Lib\\site-packages\\allure_commons\\_allure.py\", line 202, in impl\n    return func(*a, **kw)\n  File \"C:\\Users\\Roggerus\\Diplom_3\\pages\\base_page.py\", line 59, in drag_and_drop\n    self.driver.execute_script(\"\"\"...\"\"\", element_from, element_to)\n    ~~~~~~~~~~~~~~~~~~~~~~~~~~^^^^^^^^^^^^^^^^^^^^^^^^^^^^^^^^^^^^^\n  File \"C:\\Users\\Roggerus\\AppData\\Local\\Programs\\Python\\Python313\\Lib\\site-packages\\selenium\\webdriver\\remote\\webdriver.py\", line 404, in execute_script\n    return self.execute(command, {\"script\": script, \"args\": converted_args})[\"value\"]\n           ~~~~~~~~~~~~^^^^^^^^^^^^^^^^^^^^^^^^^^^^^^^^^^^^^^^^^^^^^^^^^^^^^\n  File \"C:\\Users\\Roggerus\\AppData\\Local\\Programs\\Python\\Python313\\Lib\\site-packages\\selenium\\webdriver\\remote\\webdriver.py\", line 344, in execute\n    self.error_handler.check_response(response)\n    ~~~~~~~~~~~~~~~~~~~~~~~~~~~~~~~~~^^^^^^^^^^\n  File \"C:\\Users\\Roggerus\\AppData\\Local\\Programs\\Python\\Python313\\Lib\\site-packages\\selenium\\webdriver\\remote\\errorhandler.py\", line 229, in check_response\n    raise exception_class(message, screen, stacktrace)\n"}, "steps": [{"name": "Drag and drop: ('xpath', \"//img[@alt='Флюоресцентная булка R2-D3']\") → ('xpath', \"//img[@alt='Перетяните булочку сюда (верх)']\")", "status": "broken", "statusDetails": {"message": "selenium.common.exceptions.JavascriptException: Message: javascript error: Unexpected token '}'\n  (Session info: chrome=138.0.7204.184)\nStacktrace:\n\tGetHandleVerifier [0x0x7ff7fa78fe75+79173]\n\tGetHandleVerifier [0x0x7ff7fa78fed0+79264]\n\t(No symbol) [0x0x7ff7fa549e5a]\n\t(No symbol) [0x0x7ff7fa55184d]\n\t(No symbol) [0x0x7ff7fa554be1]\n\t(No symbol) [0x0x7ff7fa5f22b4]\n\t(No symbol) [0x0x7ff7fa5c896a]\n\t(No symbol) [0x0x7ff7fa5f100d]\n\t(No symbol) [0x0x7ff7fa5c8743]\n\t(No symbol) [0x0x7ff7fa5914c1]\n\t(No symbol) [0x0x7ff7fa592253]\n\tGetHandleVerifier [0x0x7ff7faa5a2ad+3004797]\n\tGetHandleVerifier [0x0x7ff7faa546fd+2981325]\n\tGetHandleVerifier [0x0x7ff7faa73350+3107360]\n\tGetHandleVerifier [0x0x7ff7fa7aa9fe+188622]\n\tGetHandleVerifier [0x0x7ff7fa7b228f+219487]\n\tGetHandleVerifier [0x0x7ff7fa798dc4+115860]\n\tGetHandleVerifier [0x0x7ff7fa798f79+116297]\n\tGetHandleVerifier [0x0x7ff7fa77f528+11256]\n\tBaseThreadInitThunk [0x0x7ffdaed3259d+29]\n\tRtlUserThreadStart [0x0x7ffdb048af38+40]\n\n", "trace": "  File \"C:\\Users\\Roggerus\\AppData\\Local\\Programs\\Python\\Python313\\Lib\\site-packages\\allure_commons\\_allure.py\", line 202, in impl\n    return func(*a, **kw)\n  File \"C:\\Users\\Roggerus\\Diplom_3\\pages\\base_page.py\", line 59, in drag_and_drop\n    self.driver.execute_script(\"\"\"...\"\"\", element_from, element_to)\n    ~~~~~~~~~~~~~~~~~~~~~~~~~~^^^^^^^^^^^^^^^^^^^^^^^^^^^^^^^^^^^^^\n  File \"C:\\Users\\Roggerus\\AppData\\Local\\Programs\\Python\\Python313\\Lib\\site-packages\\selenium\\webdriver\\remote\\webdriver.py\", line 404, in execute_script\n    return self.execute(command, {\"script\": script, \"args\": converted_args})[\"value\"]\n           ~~~~~~~~~~~~^^^^^^^^^^^^^^^^^^^^^^^^^^^^^^^^^^^^^^^^^^^^^^^^^^^^^\n  File \"C:\\Users\\Roggerus\\AppData\\Local\\Programs\\Python\\Python313\\Lib\\site-packages\\selenium\\webdriver\\remote\\webdriver.py\", line 344, in execute\n    self.error_handler.check_response(response)\n    ~~~~~~~~~~~~~~~~~~~~~~~~~~~~~~~~~^^^^^^^^^^\n  File \"C:\\Users\\Roggerus\\AppData\\Local\\Programs\\Python\\Python313\\Lib\\site-packages\\selenium\\webdriver\\remote\\errorhandler.py\", line 229, in check_response\n    raise exception_class(message, screen, stacktrace)\n"}, "steps": [{"name": "Ожидаем элемент: ('xpath', \"//img[@alt='Флюоресцентная булка R2-D3']\")", "status": "passed", "parameters": [{"name": "locator", "value": "('xpath', \"//img[@alt='Флюоресцентная булка R2-D3']\")"}], "start": 1754667787387, "stop": 1754667787913}, {"name": "Ожидаем элемент: ('xpath', \"//img[@alt='Перетяните булочку сюда (верх)']\")", "status": "passed", "parameters": [{"name": "locator", "value": "('xpath', \"//img[@alt='Перетяните булочку сюда (верх)']\")"}], "start": 1754667787913, "stop": 1754667787934}], "parameters": [{"name": "source_locator", "value": "('xpath', \"//img[@alt='Флюоресцентная булка R2-D3']\")"}, {"name": "target_locator", "value": "('xpath', \"//img[@alt='Перетяните булочку сюда (верх)']\")"}], "start": 1754667787387, "stop": 1754667787952}], "start": 1754667787387, "stop": 1754667787953}], "start": 1754667787387, "stop": 1754667787954}], "attachments": [{"name": "log", "source": "9138cbb2-57ab-4517-b6e6-af8d29bab12e-attachment.txt", "type": "text/plain"}, {"name": "stdout", "source": "3f24313e-0247-4745-9571-de3686d25c4c-attachment.txt", "type": "text/plain"}], "parameters": [{"name": "driver", "value": "'chrome'"}], "start": 1754667786471, "stop": 1754667787956, "uuid": "b8c32b01-a7b5-4a80-9111-d7314093b1db", "historyId": "f055a7b4f33446a87b162630365f96ab", "testCaseId": "e9cf45edba5d47288bf54d09551b2b32", "fullName": "tests.test_order_feed_page.TestOrderPage#test_user_orders_displayed_in_feed", "labels": [{"name": "story", "value": "Тесты функционала ленты заказов"}, {"name": "feature", "value": "Лента заказов"}, {"name": "parentSuite", "value": "tests"}, {"name": "suite", "value": "test_order_feed_page"}, {"name": "subSuite", "value": "TestOrderPage"}, {"name": "host", "value": "DESKTOP-OIETSGN"}, {"name": "thread", "value": "18176-MainThread"}, {"name": "framework", "value": "pytest"}, {"name": "language", "value": "cpython3"}, {"name": "package", "value": "tests.test_order_feed_page"}]}