{"name": "Тест перехода в ленту заказов", "status": "failed", "statusDetails": {"message": "AssertionError: Счетчик выполненных заказов не отображается!\nassert False\n +  where False = is_order_feed_counter_visible()\n +    where is_order_feed_counter_visible = <pages.main_page.MainPage object at 0x0000025C961AD940>.is_order_feed_counter_visible", "trace": "self = <tests.test_main_page.TestMainPage object at 0x0000025C96093A80>\ndriver = <selenium.webdriver.firefox.webdriver.WebDriver (session=\"d56ff3ef-f843-452d-8d0e-67252aef5983\")>\n\n    @allure.title('Тест перехода в ленту заказов')\n    def test_click_order_feed(self, driver):\n        main_page = MainPage(driver)\n        account_page = AccountPage(driver)\n    \n        with allure.step('Открываем страницу входа'):\n            account_page.open_login_page()\n    \n        with allure.step('Нажимаем на \"Лента заказов\"'):\n            main_page.click_order_feed()\n    \n        with allure.step('Проверяем, что счетчик выполненных заказов отображается'):\n>           assert main_page.is_order_feed_counter_visible(), \"Счетчик выполненных заказов не отображается!\"\nE           AssertionError: Счетчик выполненных заказов не отображается!\nE           assert False\nE            +  where False = is_order_feed_counter_visible()\nE            +    where is_order_feed_counter_visible = <pages.main_page.MainPage object at 0x0000025C961AD940>.is_order_feed_counter_visible\n\ntests\\test_main_page.py:36: AssertionError"}, "steps": [{"name": "Открываем страницу входа", "status": "passed", "steps": [{"name": "Открываем страницу логина", "status": "passed", "steps": [{"name": "Навигация по URL: 'https://stellarburgers.nomoreparties.site/login'", "status": "passed", "parameters": [{"name": "url", "value": "'https://stellarburgers.nomoreparties.site/login'"}], "start": 1754667655974, "stop": 1754667656775}], "start": 1754667655974, "stop": 1754667656775}], "start": 1754667655974, "stop": 1754667656775}, {"name": "Нажимаем на \"Лента заказов\"", "status": "passed", "steps": [{"name": "Нажимаем на кнопку 'Лента заказов'", "status": "passed", "steps": [{"name": "Кликаем по элементу: ('xpath', \"//p[contains(text(),'Лента Заказов')]\")", "status": "passed", "parameters": [{"name": "locator", "value": "('xpath', \"//p[contains(text(),'Лента Заказов')]\")"}], "start": 1754667656775, "stop": 1754667657059}], "start": 1754667656775, "stop": 1754667657059}], "start": 1754667656775, "stop": 1754667657059}, {"name": "Проверяем, что счетчик выполненных заказов отображается", "status": "failed", "statusDetails": {"message": "AssertionError: Счетчик выполненных заказов не отображается!\nassert False\n +  where False = is_order_feed_counter_visible()\n +    where is_order_feed_counter_visible = <pages.main_page.MainPage object at 0x0000025C961AD940>.is_order_feed_counter_visible\n", "trace": "  File \"C:\\Users\\Roggerus\\Diplom_3\\tests\\test_main_page.py\", line 36, in test_click_order_feed\n    assert main_page.is_order_feed_counter_visible(), \"Счетчик выполненных заказов не отображается!\"\n"}, "steps": [{"name": "Проверяем, что счётчик заказов отображается", "status": "passed", "steps": [{"name": "Ожидаем, что секция станет видимой: ('xpath', \"//p[contains(text(),'Готовы:')]\")", "status": "passed", "steps": [{"name": "Скроллим к элементу: ('xpath', \"//p[contains(text(),'Готовы:')]\")", "status": "broken", "statusDetails": {"message": "selenium.common.exceptions.TimeoutException: Message: \nStacktrace:\nRemoteError@chrome://remote/content/shared/RemoteError.sys.mjs:8:8\nWebDriverError@chrome://remote/content/shared/webdriver/Errors.sys.mjs:199:5\nNoSuchElementError@chrome://remote/content/shared/webdriver/Errors.sys.mjs:552:5\ndom.find/</<@chrome://remote/content/shared/DOM.sys.mjs:136:16\n\n", "trace": "  File \"C:\\Users\\Roggerus\\AppData\\Local\\Programs\\Python\\Python313\\Lib\\site-packages\\allure_commons\\_allure.py\", line 202, in impl\n    return func(*a, **kw)\n  File \"C:\\Users\\Roggerus\\Diplom_3\\pages\\base_page.py\", line 37, in scroll_to_element\n    element = self.find_element_with_wait(locator)\n  File \"C:\\Users\\Roggerus\\AppData\\Local\\Programs\\Python\\Python313\\Lib\\site-packages\\allure_commons\\_allure.py\", line 202, in impl\n    return func(*a, **kw)\n  File \"C:\\Users\\Roggerus\\Diplom_3\\pages\\base_page.py\", line 14, in find_element_with_wait\n    WebDriverWait(self.driver, 5).until(\n    ~~~~~~~~~~~~~~~~~~~~~~~~~~~~~~~~~~~^\n        EC.visibility_of_element_located(locator)\n        ^^^^^^^^^^^^^^^^^^^^^^^^^^^^^^^^^^^^^^^^^\n    )\n    ^\n  File \"C:\\Users\\Roggerus\\AppData\\Local\\Programs\\Python\\Python313\\Lib\\site-packages\\selenium\\webdriver\\support\\wait.py\", line 95, in until\n    raise TimeoutException(message, screen, stacktrace)\n"}, "steps": [{"name": "Ожидаем элемент: ('xpath', \"//p[contains(text(),'Готовы:')]\")", "status": "broken", "statusDetails": {"message": "selenium.common.exceptions.TimeoutException: Message: \nStacktrace:\nRemoteError@chrome://remote/content/shared/RemoteError.sys.mjs:8:8\nWebDriverError@chrome://remote/content/shared/webdriver/Errors.sys.mjs:199:5\nNoSuchElementError@chrome://remote/content/shared/webdriver/Errors.sys.mjs:552:5\ndom.find/</<@chrome://remote/content/shared/DOM.sys.mjs:136:16\n\n", "trace": "  File \"C:\\Users\\Roggerus\\AppData\\Local\\Programs\\Python\\Python313\\Lib\\site-packages\\allure_commons\\_allure.py\", line 202, in impl\n    return func(*a, **kw)\n  File \"C:\\Users\\Roggerus\\Diplom_3\\pages\\base_page.py\", line 14, in find_element_with_wait\n    WebDriverWait(self.driver, 5).until(\n    ~~~~~~~~~~~~~~~~~~~~~~~~~~~~~~~~~~~^\n        EC.visibility_of_element_located(locator)\n        ^^^^^^^^^^^^^^^^^^^^^^^^^^^^^^^^^^^^^^^^^\n    )\n    ^\n  File \"C:\\Users\\Roggerus\\AppData\\Local\\Programs\\Python\\Python313\\Lib\\site-packages\\selenium\\webdriver\\support\\wait.py\", line 95, in until\n    raise TimeoutException(message, screen, stacktrace)\n"}, "parameters": [{"name": "locator", "value": "('xpath', \"//p[contains(text(),'Готовы:')]\")"}], "start": 1754667657060, "stop": 1754667662085}], "parameters": [{"name": "locator", "value": "('xpath', \"//p[contains(text(),'Готовы:')]\")"}], "start": 1754667657060, "stop": 1754667662095}], "parameters": [{"name": "locator", "value": "('xpath', \"//p[contains(text(),'Готовы:')]\")"}, {"name": "timeout", "value": "10"}, {"name": "scroll", "value": "True"}], "start": 1754667657059, "stop": 1754667662096}], "start": 1754667657059, "stop": 1754667662096}], "start": 1754667657059, "stop": 1754667662096}], "attachments": [{"name": "stdout", "source": "7d34ce51-0ddf-4c6f-b443-dbe2b44f3def-attachment.txt", "type": "text/plain"}], "parameters": [{"name": "driver", "value": "'firefox'"}], "start": 1754667655974, "stop": 1754667662097, "uuid": "f5261e83-538e-4776-a8c2-a74b2a301ce0", "historyId": "86e7c0b8c9959b291e77507490d7b72f", "testCaseId": "132c74c242534e08c85ca5560ca168a7", "fullName": "tests.test_main_page.TestMainPage#test_click_order_feed", "labels": [{"name": "story", "value": "Тесты функционала главной страницы"}, {"name": "feature", "value": "Основной функционал"}, {"name": "parentSuite", "value": "tests"}, {"name": "suite", "value": "test_main_page"}, {"name": "subSuite", "value": "TestMainPage"}, {"name": "host", "value": "DESKTOP-OIETSGN"}, {"name": "thread", "value": "18176-MainThread"}, {"name": "framework", "value": "pytest"}, {"name": "language", "value": "cpython3"}, {"name": "package", "value": "tests.test_main_page"}]}