{"name": "Тест увеличения каунтера ингредиентов", "status": "broken", "statusDetails": {"message": "selenium.common.exceptions.TimeoutException: Message: \nStacktrace:\nRemoteError@chrome://remote/content/shared/RemoteError.sys.mjs:8:8\nWebDriverError@chrome://remote/content/shared/webdriver/Errors.sys.mjs:199:5\nNoSuchElementError@chrome://remote/content/shared/webdriver/Errors.sys.mjs:552:5\ndom.find/</<@chrome://remote/content/shared/DOM.sys.mjs:136:16", "trace": "self = <tests.test_main_page.TestMainPage object at 0x000001C73F61AE40>, driver = <selenium.webdriver.firefox.webdriver.WebDriver (session=\"80bcba22-2a48-4185-8ded-521c0025911e\")>\n\n    @allure.title('Тест увеличения каунтера ингредиентов')\n    def test_ingredient_counter_increases(self, driver):\n        main_page = MainPage(driver)\n        account_page = AccountPage(driver)\n    \n        with allure.step('Открываем страницу входа'):\n            account_page.open_login_page()\n    \n        with allure.step('Нажимаем на \"Конструктор\"'):\n            main_page.click_constructor()\n    \n        with allure.step('Получаем начальное значение каунтера ингредиентов'):\n>           initial_counter = main_page.get_ingredient_counter()\n\ntests\\test_main_page.py:88: \n_ _ _ _ _ _ _ _ _ _ _ _ _ _ _ _ _ _ _ _ _ _ _ _ _ _ _ _ _ _ _ _ _ _ _ _ _ _ _ _ _ _ _ _ _ _ _ _ _ _ _ _ _ _ _ _ _ _ _ _ _ _ _ _ _ _ _ _ _ _ _ _ _ _ _ _ _ _ _ _ _ _ _ _ _ _ _ _ _ _ _ _ _ _ _ _ _ _ _ _ _\npages\\main_page.py:55: in get_ingredient_counter\n    return int(self.get_text_from_element(MainPageLocators.INGREDIENT_COUNTER))\npages\\base_page.py:34: in get_text_from_element\n    return self.find_element_with_wait(locator).text\npages\\base_page.py:15: in find_element_with_wait\n    WebDriverWait(self.driver, 5).until(\n_ _ _ _ _ _ _ _ _ _ _ _ _ _ _ _ _ _ _ _ _ _ _ _ _ _ _ _ _ _ _ _ _ _ _ _ _ _ _ _ _ _ _ _ _ _ _ _ _ _ _ _ _ _ _ _ _ _ _ _ _ _ _ _ _ _ _ _ _ _ _ _ _ _ _ _ _ _ _ _ _ _ _ _ _ _ _ _ _ _ _ _ _ _ _ _ _ _ _ _ _\n\nself = <selenium.webdriver.support.wait.WebDriverWait (session=\"80bcba22-2a48-4185-8ded-521c0025911e\")>, method = <function visibility_of_element_located.<locals>._predicate at 0x000001C73F779BC0>\nmessage = ''\n\n    def until(self, method, message: str = \"\"):\n        \"\"\"Calls the method provided with the driver as an argument until the \\\n        return value does not evaluate to ``False``.\n    \n        :param method: callable(WebDriver)\n        :param message: optional message for :exc:`TimeoutException`\n        :returns: the result of the last call to `method`\n        :raises: :exc:`selenium.common.exceptions.TimeoutException` if timeout occurs\n        \"\"\"\n        screen = None\n        stacktrace = None\n    \n        end_time = time.monotonic() + self._timeout\n        while True:\n            try:\n                value = method(self._driver)\n                if value:\n                    return value\n            except self._ignored_exceptions as exc:\n                screen = getattr(exc, \"screen\", None)\n                stacktrace = getattr(exc, \"stacktrace\", None)\n            time.sleep(self._poll)\n            if time.monotonic() > end_time:\n                break\n>       raise TimeoutException(message, screen, stacktrace)\nE       selenium.common.exceptions.TimeoutException: Message: \nE       Stacktrace:\nE       RemoteError@chrome://remote/content/shared/RemoteError.sys.mjs:8:8\nE       WebDriverError@chrome://remote/content/shared/webdriver/Errors.sys.mjs:199:5\nE       NoSuchElementError@chrome://remote/content/shared/webdriver/Errors.sys.mjs:552:5\nE       dom.find/</<@chrome://remote/content/shared/DOM.sys.mjs:136:16\n\n..\\AppData\\Local\\Programs\\Python\\Python313\\Lib\\site-packages\\selenium\\webdriver\\support\\wait.py:95: TimeoutException"}, "steps": [{"name": "Открываем страницу входа", "status": "passed", "steps": [{"name": "Открываем страницу логина", "status": "passed", "steps": [{"name": "Переходим по URL: 'https://stellarburgers.nomoreparties.site/login'", "status": "passed", "parameters": [{"name": "url", "value": "'https://stellarburgers.nomoreparties.site/login'"}], "start": 1754669201194, "stop": 1754669202044}], "start": 1754669201194, "stop": 1754669202044}], "start": 1754669201194, "stop": 1754669202044}, {"name": "Нажимаем на \"Конструктор\"", "status": "passed", "steps": [{"name": "Нажимаем на кнопку 'Конструктор'", "status": "passed", "steps": [{"name": "Кликаем по элементу: ('xpath', \"//p[contains(text(),'Конструктор')]\")", "status": "passed", "parameters": [{"name": "locator", "value": "('xpath', \"//p[contains(text(),'Конструктор')]\")"}], "start": 1754669202044, "stop": 1754669202341}], "start": 1754669202044, "stop": 1754669202341}], "start": 1754669202044, "stop": 1754669202341}, {"name": "Получаем начальное значение каунтера ингредиентов", "status": "broken", "statusDetails": {"message": "selenium.common.exceptions.TimeoutException: Message: \nStacktrace:\nRemoteError@chrome://remote/content/shared/RemoteError.sys.mjs:8:8\nWebDriverError@chrome://remote/content/shared/webdriver/Errors.sys.mjs:199:5\nNoSuchElementError@chrome://remote/content/shared/webdriver/Errors.sys.mjs:552:5\ndom.find/</<@chrome://remote/content/shared/DOM.sys.mjs:136:16\n\n", "trace": "  File \"C:\\Users\\Roggerus\\Diplom_3\\tests\\test_main_page.py\", line 88, in test_ingredient_counter_increases\n    initial_counter = main_page.get_ingredient_counter()\n  File \"C:\\Users\\Roggerus\\AppData\\Local\\Programs\\Python\\Python313\\Lib\\site-packages\\allure_commons\\_allure.py\", line 202, in impl\n    return func(*a, **kw)\n  File \"C:\\Users\\Roggerus\\Diplom_3\\pages\\main_page.py\", line 55, in get_ingredient_counter\n    return int(self.get_text_from_element(MainPageLocators.INGREDIENT_COUNTER))\n               ~~~~~~~~~~~~~~~~~~~~~~~~~~^^^^^^^^^^^^^^^^^^^^^^^^^^^^^^^^^^^^^\n  File \"C:\\Users\\Roggerus\\AppData\\Local\\Programs\\Python\\Python313\\Lib\\site-packages\\allure_commons\\_allure.py\", line 202, in impl\n    return func(*a, **kw)\n  File \"C:\\Users\\Roggerus\\Diplom_3\\pages\\base_page.py\", line 34, in get_text_from_element\n    return self.find_element_with_wait(locator).text\n           ~~~~~~~~~~~~~~~~~~~~~~~~~~~^^^^^^^^^\n  File \"C:\\Users\\Roggerus\\AppData\\Local\\Programs\\Python\\Python313\\Lib\\site-packages\\allure_commons\\_allure.py\", line 202, in impl\n    return func(*a, **kw)\n  File \"C:\\Users\\Roggerus\\Diplom_3\\pages\\base_page.py\", line 15, in find_element_with_wait\n    WebDriverWait(self.driver, 5).until(\n    ~~~~~~~~~~~~~~~~~~~~~~~~~~~~~~~~~~~^\n        EC.visibility_of_element_located(locator)\n        ^^^^^^^^^^^^^^^^^^^^^^^^^^^^^^^^^^^^^^^^^\n    )\n    ^\n  File \"C:\\Users\\Roggerus\\AppData\\Local\\Programs\\Python\\Python313\\Lib\\site-packages\\selenium\\webdriver\\support\\wait.py\", line 95, in until\n    raise TimeoutException(message, screen, stacktrace)\n"}, "steps": [{"name": "Получаем значение счётчика ингредиента", "status": "broken", "statusDetails": {"message": "selenium.common.exceptions.TimeoutException: Message: \nStacktrace:\nRemoteError@chrome://remote/content/shared/RemoteError.sys.mjs:8:8\nWebDriverError@chrome://remote/content/shared/webdriver/Errors.sys.mjs:199:5\nNoSuchElementError@chrome://remote/content/shared/webdriver/Errors.sys.mjs:552:5\ndom.find/</<@chrome://remote/content/shared/DOM.sys.mjs:136:16\n\n", "trace": "  File \"C:\\Users\\Roggerus\\AppData\\Local\\Programs\\Python\\Python313\\Lib\\site-packages\\allure_commons\\_allure.py\", line 202, in impl\n    return func(*a, **kw)\n  File \"C:\\Users\\Roggerus\\Diplom_3\\pages\\main_page.py\", line 55, in get_ingredient_counter\n    return int(self.get_text_from_element(MainPageLocators.INGREDIENT_COUNTER))\n               ~~~~~~~~~~~~~~~~~~~~~~~~~~^^^^^^^^^^^^^^^^^^^^^^^^^^^^^^^^^^^^^\n  File \"C:\\Users\\Roggerus\\AppData\\Local\\Programs\\Python\\Python313\\Lib\\site-packages\\allure_commons\\_allure.py\", line 202, in impl\n    return func(*a, **kw)\n  File \"C:\\Users\\Roggerus\\Diplom_3\\pages\\base_page.py\", line 34, in get_text_from_element\n    return self.find_element_with_wait(locator).text\n           ~~~~~~~~~~~~~~~~~~~~~~~~~~~^^^^^^^^^\n  File \"C:\\Users\\Roggerus\\AppData\\Local\\Programs\\Python\\Python313\\Lib\\site-packages\\allure_commons\\_allure.py\", line 202, in impl\n    return func(*a, **kw)\n  File \"C:\\Users\\Roggerus\\Diplom_3\\pages\\base_page.py\", line 15, in find_element_with_wait\n    WebDriverWait(self.driver, 5).until(\n    ~~~~~~~~~~~~~~~~~~~~~~~~~~~~~~~~~~~^\n        EC.visibility_of_element_located(locator)\n        ^^^^^^^^^^^^^^^^^^^^^^^^^^^^^^^^^^^^^^^^^\n    )\n    ^\n  File \"C:\\Users\\Roggerus\\AppData\\Local\\Programs\\Python\\Python313\\Lib\\site-packages\\selenium\\webdriver\\support\\wait.py\", line 95, in until\n    raise TimeoutException(message, screen, stacktrace)\n"}, "steps": [{"name": "Получаем текст из элемента: ('xpath', \"//p[@class='counter_counter__num__3nue1']\")", "status": "broken", "statusDetails": {"message": "selenium.common.exceptions.TimeoutException: Message: \nStacktrace:\nRemoteError@chrome://remote/content/shared/RemoteError.sys.mjs:8:8\nWebDriverError@chrome://remote/content/shared/webdriver/Errors.sys.mjs:199:5\nNoSuchElementError@chrome://remote/content/shared/webdriver/Errors.sys.mjs:552:5\ndom.find/</<@chrome://remote/content/shared/DOM.sys.mjs:136:16\n\n", "trace": "  File \"C:\\Users\\Roggerus\\AppData\\Local\\Programs\\Python\\Python313\\Lib\\site-packages\\allure_commons\\_allure.py\", line 202, in impl\n    return func(*a, **kw)\n  File \"C:\\Users\\Roggerus\\Diplom_3\\pages\\base_page.py\", line 34, in get_text_from_element\n    return self.find_element_with_wait(locator).text\n           ~~~~~~~~~~~~~~~~~~~~~~~~~~~^^^^^^^^^\n  File \"C:\\Users\\Roggerus\\AppData\\Local\\Programs\\Python\\Python313\\Lib\\site-packages\\allure_commons\\_allure.py\", line 202, in impl\n    return func(*a, **kw)\n  File \"C:\\Users\\Roggerus\\Diplom_3\\pages\\base_page.py\", line 15, in find_element_with_wait\n    WebDriverWait(self.driver, 5).until(\n    ~~~~~~~~~~~~~~~~~~~~~~~~~~~~~~~~~~~^\n        EC.visibility_of_element_located(locator)\n        ^^^^^^^^^^^^^^^^^^^^^^^^^^^^^^^^^^^^^^^^^\n    )\n    ^\n  File \"C:\\Users\\Roggerus\\AppData\\Local\\Programs\\Python\\Python313\\Lib\\site-packages\\selenium\\webdriver\\support\\wait.py\", line 95, in until\n    raise TimeoutException(message, screen, stacktrace)\n"}, "steps": [{"name": "Ожидаем элемент: ('xpath', \"//p[@class='counter_counter__num__3nue1']\")", "status": "broken", "statusDetails": {"message": "selenium.common.exceptions.TimeoutException: Message: \nStacktrace:\nRemoteError@chrome://remote/content/shared/RemoteError.sys.mjs:8:8\nWebDriverError@chrome://remote/content/shared/webdriver/Errors.sys.mjs:199:5\nNoSuchElementError@chrome://remote/content/shared/webdriver/Errors.sys.mjs:552:5\ndom.find/</<@chrome://remote/content/shared/DOM.sys.mjs:136:16\n\n", "trace": "  File \"C:\\Users\\Roggerus\\AppData\\Local\\Programs\\Python\\Python313\\Lib\\site-packages\\allure_commons\\_allure.py\", line 202, in impl\n    return func(*a, **kw)\n  File \"C:\\Users\\Roggerus\\Diplom_3\\pages\\base_page.py\", line 15, in find_element_with_wait\n    WebDriverWait(self.driver, 5).until(\n    ~~~~~~~~~~~~~~~~~~~~~~~~~~~~~~~~~~~^\n        EC.visibility_of_element_located(locator)\n        ^^^^^^^^^^^^^^^^^^^^^^^^^^^^^^^^^^^^^^^^^\n    )\n    ^\n  File \"C:\\Users\\Roggerus\\AppData\\Local\\Programs\\Python\\Python313\\Lib\\site-packages\\selenium\\webdriver\\support\\wait.py\", line 95, in until\n    raise TimeoutException(message, screen, stacktrace)\n"}, "parameters": [{"name": "locator", "value": "('xpath', \"//p[@class='counter_counter__num__3nue1']\")"}], "start": 1754669202341, "stop": 1754669207370}], "parameters": [{"name": "locator", "value": "('xpath', \"//p[@class='counter_counter__num__3nue1']\")"}], "start": 1754669202341, "stop": 1754669207370}], "start": 1754669202341, "stop": 1754669207371}], "start": 1754669202341, "stop": 1754669207372}], "attachments": [{"name": "stdout", "source": "e32a4c0e-a92e-438a-b330-b867ad3047b0-attachment.txt", "type": "text/plain"}], "parameters": [{"name": "driver", "value": "'firefox'"}], "start": 1754669201194, "stop": 1754669207373, "uuid": "529a9564-e9b4-4f46-989b-acb83dc442a5", "historyId": "a6d0c2ca814d2f0c58bc4c749f9794a0", "testCaseId": "156b25b2cec7f1d919f074af3949209c", "fullName": "tests.test_main_page.TestMainPage#test_ingredient_counter_increases", "labels": [{"name": "feature", "value": "Основной функционал"}, {"name": "story", "value": "Тесты функционала главной страницы"}, {"name": "parentSuite", "value": "tests"}, {"name": "suite", "value": "test_main_page"}, {"name": "subSuite", "value": "TestMainPage"}, {"name": "host", "value": "DESKTOP-OIETSGN"}, {"name": "thread", "value": "18836-MainThread"}, {"name": "framework", "value": "pytest"}, {"name": "language", "value": "cpython3"}, {"name": "package", "value": "tests.test_main_page"}]}