{"name": "Тест закрытия окна деталей ингредиента", "status": "broken", "statusDetails": {"message": "selenium.common.exceptions.TimeoutException: Message: \nStacktrace:\nRemoteError@chrome://remote/content/shared/RemoteError.sys.mjs:8:8\nWebDriverError@chrome://remote/content/shared/webdriver/Errors.sys.mjs:199:5\nNoSuchElementError@chrome://remote/content/shared/webdriver/Errors.sys.mjs:552:5\ndom.find/</<@chrome://remote/content/shared/DOM.sys.mjs:136:16", "trace": "self = <tests.test_main_page.TestMainPage object at 0x000001C73F60E550>, driver = <selenium.webdriver.firefox.webdriver.WebDriver (session=\"3cb891f9-212c-4244-a2ce-07ff9645ac07\")>\n\n    @allure.title('Тест закрытия окна деталей ингредиента')\n    def test_close_details(self, driver):\n        main_page = MainPage(driver)\n        account_page = AccountPage(driver)\n    \n        with allure.step('Открываем страницу входа'):\n            account_page.open_login_page()\n    \n        with allure.step('Нажимаем на \"Конструктор\"'):\n            main_page.click_constructor()\n    \n        with allure.step('Нажимаем на ингредиент'):\n>           main_page.click_ingredient()\n\ntests\\test_main_page.py:68: \n_ _ _ _ _ _ _ _ _ _ _ _ _ _ _ _ _ _ _ _ _ _ _ _ _ _ _ _ _ _ _ _ _ _ _ _ _ _ _ _ _ _ _ _ _ _ _ _ _ _ _ _ _ _ _ _ _ _ _ _ _ _ _ _ _ _ _ _ _ _ _ _ _ _ _ _ _ _ _ _ _ _ _ _ _ _ _ _ _ _ _ _ _ _ _ _ _ _ _ _ _\npages\\main_page.py:22: in click_ingredient\n    self.click_to_element(MainPageLocators.INGREDIENT_R2D3_BUN)\npages\\base_page.py:22: in click_to_element\n    element = WebDriverWait(self.driver, 25).until(\n_ _ _ _ _ _ _ _ _ _ _ _ _ _ _ _ _ _ _ _ _ _ _ _ _ _ _ _ _ _ _ _ _ _ _ _ _ _ _ _ _ _ _ _ _ _ _ _ _ _ _ _ _ _ _ _ _ _ _ _ _ _ _ _ _ _ _ _ _ _ _ _ _ _ _ _ _ _ _ _ _ _ _ _ _ _ _ _ _ _ _ _ _ _ _ _ _ _ _ _ _\n\nself = <selenium.webdriver.support.wait.WebDriverWait (session=\"3cb891f9-212c-4244-a2ce-07ff9645ac07\")>, method = <function element_to_be_clickable.<locals>._predicate at 0x000001C73F77A200>\nmessage = ''\n\n    def until(self, method, message: str = \"\"):\n        \"\"\"Calls the method provided with the driver as an argument until the \\\n        return value does not evaluate to ``False``.\n    \n        :param method: callable(WebDriver)\n        :param message: optional message for :exc:`TimeoutException`\n        :returns: the result of the last call to `method`\n        :raises: :exc:`selenium.common.exceptions.TimeoutException` if timeout occurs\n        \"\"\"\n        screen = None\n        stacktrace = None\n    \n        end_time = time.monotonic() + self._timeout\n        while True:\n            try:\n                value = method(self._driver)\n                if value:\n                    return value\n            except self._ignored_exceptions as exc:\n                screen = getattr(exc, \"screen\", None)\n                stacktrace = getattr(exc, \"stacktrace\", None)\n            time.sleep(self._poll)\n            if time.monotonic() > end_time:\n                break\n>       raise TimeoutException(message, screen, stacktrace)\nE       selenium.common.exceptions.TimeoutException: Message: \nE       Stacktrace:\nE       RemoteError@chrome://remote/content/shared/RemoteError.sys.mjs:8:8\nE       WebDriverError@chrome://remote/content/shared/webdriver/Errors.sys.mjs:199:5\nE       NoSuchElementError@chrome://remote/content/shared/webdriver/Errors.sys.mjs:552:5\nE       dom.find/</<@chrome://remote/content/shared/DOM.sys.mjs:136:16\n\n..\\AppData\\Local\\Programs\\Python\\Python313\\Lib\\site-packages\\selenium\\webdriver\\support\\wait.py:95: TimeoutException"}, "steps": [{"name": "Открываем страницу входа", "status": "passed", "steps": [{"name": "Открываем страницу логина", "status": "passed", "steps": [{"name": "Переходим по URL: 'https://stellarburgers.nomoreparties.site/login'", "status": "passed", "parameters": [{"name": "url", "value": "'https://stellarburgers.nomoreparties.site/login'"}], "start": 1754669156975, "stop": 1754669157911}], "start": 1754669156975, "stop": 1754669157911}], "start": 1754669156975, "stop": 1754669157911}, {"name": "Нажимаем на \"Конструктор\"", "status": "passed", "steps": [{"name": "Нажимаем на кнопку 'Конструктор'", "status": "passed", "steps": [{"name": "Кликаем по элементу: ('xpath', \"//p[contains(text(),'Конструктор')]\")", "status": "passed", "parameters": [{"name": "locator", "value": "('xpath', \"//p[contains(text(),'Конструктор')]\")"}], "start": 1754669157912, "stop": 1754669158197}], "start": 1754669157912, "stop": 1754669158197}], "start": 1754669157911, "stop": 1754669158197}, {"name": "Нажимаем на ингредиент", "status": "broken", "statusDetails": {"message": "selenium.common.exceptions.TimeoutException: Message: \nStacktrace:\nRemoteError@chrome://remote/content/shared/RemoteError.sys.mjs:8:8\nWebDriverError@chrome://remote/content/shared/webdriver/Errors.sys.mjs:199:5\nNoSuchElementError@chrome://remote/content/shared/webdriver/Errors.sys.mjs:552:5\ndom.find/</<@chrome://remote/content/shared/DOM.sys.mjs:136:16\n\n", "trace": "  File \"C:\\Users\\Roggerus\\Diplom_3\\tests\\test_main_page.py\", line 68, in test_close_details\n    main_page.click_ingredient()\n    ~~~~~~~~~~~~~~~~~~~~~~~~~~^^\n  File \"C:\\Users\\Roggerus\\AppData\\Local\\Programs\\Python\\Python313\\Lib\\site-packages\\allure_commons\\_allure.py\", line 202, in impl\n    return func(*a, **kw)\n  File \"C:\\Users\\Roggerus\\Diplom_3\\pages\\main_page.py\", line 22, in click_ingredient\n    self.click_to_element(MainPageLocators.INGREDIENT_R2D3_BUN)\n    ~~~~~~~~~~~~~~~~~~~~~^^^^^^^^^^^^^^^^^^^^^^^^^^^^^^^^^^^^^^\n  File \"C:\\Users\\Roggerus\\AppData\\Local\\Programs\\Python\\Python313\\Lib\\site-packages\\allure_commons\\_allure.py\", line 202, in impl\n    return func(*a, **kw)\n  File \"C:\\Users\\Roggerus\\Diplom_3\\pages\\base_page.py\", line 22, in click_to_element\n    element = WebDriverWait(self.driver, 25).until(\n        EC.element_to_be_clickable(locator)\n    )\n  File \"C:\\Users\\Roggerus\\AppData\\Local\\Programs\\Python\\Python313\\Lib\\site-packages\\selenium\\webdriver\\support\\wait.py\", line 95, in until\n    raise TimeoutException(message, screen, stacktrace)\n"}, "steps": [{"name": "Открываем детали ингредиента", "status": "broken", "statusDetails": {"message": "selenium.common.exceptions.TimeoutException: Message: \nStacktrace:\nRemoteError@chrome://remote/content/shared/RemoteError.sys.mjs:8:8\nWebDriverError@chrome://remote/content/shared/webdriver/Errors.sys.mjs:199:5\nNoSuchElementError@chrome://remote/content/shared/webdriver/Errors.sys.mjs:552:5\ndom.find/</<@chrome://remote/content/shared/DOM.sys.mjs:136:16\n\n", "trace": "  File \"C:\\Users\\Roggerus\\AppData\\Local\\Programs\\Python\\Python313\\Lib\\site-packages\\allure_commons\\_allure.py\", line 202, in impl\n    return func(*a, **kw)\n  File \"C:\\Users\\Roggerus\\Diplom_3\\pages\\main_page.py\", line 22, in click_ingredient\n    self.click_to_element(MainPageLocators.INGREDIENT_R2D3_BUN)\n    ~~~~~~~~~~~~~~~~~~~~~^^^^^^^^^^^^^^^^^^^^^^^^^^^^^^^^^^^^^^\n  File \"C:\\Users\\Roggerus\\AppData\\Local\\Programs\\Python\\Python313\\Lib\\site-packages\\allure_commons\\_allure.py\", line 202, in impl\n    return func(*a, **kw)\n  File \"C:\\Users\\Roggerus\\Diplom_3\\pages\\base_page.py\", line 22, in click_to_element\n    element = WebDriverWait(self.driver, 25).until(\n        EC.element_to_be_clickable(locator)\n    )\n  File \"C:\\Users\\Roggerus\\AppData\\Local\\Programs\\Python\\Python313\\Lib\\site-packages\\selenium\\webdriver\\support\\wait.py\", line 95, in until\n    raise TimeoutException(message, screen, stacktrace)\n"}, "steps": [{"name": "Кликаем по элементу: ('xpath', \"//img[@alt='Флюоресцентная булка R2-D3']\")", "status": "broken", "statusDetails": {"message": "selenium.common.exceptions.TimeoutException: Message: \nStacktrace:\nRemoteError@chrome://remote/content/shared/RemoteError.sys.mjs:8:8\nWebDriverError@chrome://remote/content/shared/webdriver/Errors.sys.mjs:199:5\nNoSuchElementError@chrome://remote/content/shared/webdriver/Errors.sys.mjs:552:5\ndom.find/</<@chrome://remote/content/shared/DOM.sys.mjs:136:16\n\n", "trace": "  File \"C:\\Users\\Roggerus\\AppData\\Local\\Programs\\Python\\Python313\\Lib\\site-packages\\allure_commons\\_allure.py\", line 202, in impl\n    return func(*a, **kw)\n  File \"C:\\Users\\Roggerus\\Diplom_3\\pages\\base_page.py\", line 22, in click_to_element\n    element = WebDriverWait(self.driver, 25).until(\n        EC.element_to_be_clickable(locator)\n    )\n  File \"C:\\Users\\Roggerus\\AppData\\Local\\Programs\\Python\\Python313\\Lib\\site-packages\\selenium\\webdriver\\support\\wait.py\", line 95, in until\n    raise TimeoutException(message, screen, stacktrace)\n"}, "parameters": [{"name": "locator", "value": "('xpath', \"//img[@alt='Флюоресцентная булка R2-D3']\")"}], "start": 1754669158197, "stop": 1754669183326}], "start": 1754669158197, "stop": 1754669183327}], "start": 1754669158197, "stop": 1754669183328}], "attachments": [{"name": "stdout", "source": "c7265689-a58a-4c9f-9eaf-ac4f750f03c1-attachment.txt", "type": "text/plain"}], "parameters": [{"name": "driver", "value": "'firefox'"}], "start": 1754669156975, "stop": 1754669183329, "uuid": "f5978263-d21a-4053-81f3-dd32084a4907", "historyId": "da9eab8d96c90d86673a057eb5014654", "testCaseId": "4832773f67528f56dcef76239c833501", "fullName": "tests.test_main_page.TestMainPage#test_close_details", "labels": [{"name": "feature", "value": "Основной функционал"}, {"name": "story", "value": "Тесты функционала главной страницы"}, {"name": "parentSuite", "value": "tests"}, {"name": "suite", "value": "test_main_page"}, {"name": "subSuite", "value": "TestMainPage"}, {"name": "host", "value": "DESKTOP-OIETSGN"}, {"name": "thread", "value": "18836-MainThread"}, {"name": "framework", "value": "pytest"}, {"name": "language", "value": "cpython3"}, {"name": "package", "value": "tests.test_main_page"}]}