{"name": "Тест увеличения общего счётчика заказов", "status": "broken", "statusDetails": {"message": "selenium.common.exceptions.ElementClickInterceptedException: Message: Element <svg> is not clickable at point (1258,236) because another element <div class=\"Modal_modal_overlay__x2ZCr\"> obscures it\nStacktrace:\nRemoteError@chrome://remote/content/shared/RemoteError.sys.mjs:8:8\nWebDriverError@chrome://remote/content/shared/webdriver/Errors.sys.mjs:199:5\nElementClickInterceptedError@chrome://remote/content/shared/webdriver/Errors.sys.mjs:351:5\nwebdriverClickElement@chrome://remote/content/marionette/interaction.sys.mjs:175:11\ninteraction.clickElement@chrome://remote/content/marionette/interaction.sys.mjs:134:11\nclickElement@chrome://remote/content/marionette/actors/MarionetteCommandsChild.sys.mjs:327:29\nreceiveMessage@chrome://remote/content/marionette/actors/MarionetteCommandsChild.sys.mjs:210:31", "trace": "self = <tests.test_order_feed_page.TestOrderPage object at 0x000001C73F6898C0>, driver = <selenium.webdriver.firefox.webdriver.WebDriver (session=\"6ee37a38-5003-4e26-b348-f258d1da4d76\")>\n\n    @allure.title('Тест увеличения общего счётчика заказов')\n    def test_total_orders_counter_increases_after_new_order(self, driver):\n        order_feed_page = OrderFeedPage(driver)\n        main_page = MainPage(driver)\n        account_page = AccountPage(driver)\n    \n        with allure.step('Выполняем вход в аккаунт'):\n            account_page.login(EMAIL, PASSWORD)\n            main_page.wait_for_overlay_to_disappear()\n    \n        with allure.step('Открываем ленту заказов'):\n            order_feed_page.click_feed()\n            main_page.wait_for_overlay_to_disappear()\n    \n        with allure.step('Получаем начальный счётчик заказов'):\n            initial_total_orders = order_feed_page.get_total_orders_counter()\n    \n        with allure.step('Создаем новый заказ'):\n            order_feed_page.click_constructor()\n            main_page.wait_for_overlay_to_disappear()\n    \n            main_page.drag_and_drop_ingredient()\n            order_feed_page.click_place_an_order()\n            main_page.wait_for_overlay_to_disappear()\n    \n            order_feed_page.get_order_id_from_details()\n>           order_feed_page.click_close_order_details()\n\ntests\\test_order_feed_page.py:75: \n_ _ _ _ _ _ _ _ _ _ _ _ _ _ _ _ _ _ _ _ _ _ _ _ _ _ _ _ _ _ _ _ _ _ _ _ _ _ _ _ _ _ _ _ _ _ _ _ _ _ _ _ _ _ _ _ _ _ _ _ _ _ _ _ _ _ _ _ _ _ _ _ _ _ _ _ _ _ _ _ _ _ _ _ _ _ _ _ _ _ _ _ _ _ _ _ _ _ _ _ _\npages\\order_feed_page.py:53: in click_close_order_details\n    self.click_when_clickable(OrderFeedPageLocators.CLOSE_ORDER_DETAILS_BUTTON)\npages\\base_page.py:51: in click_when_clickable\n    self.driver.find_element(*locator).click()\n..\\AppData\\Local\\Programs\\Python\\Python313\\Lib\\site-packages\\selenium\\webdriver\\remote\\webelement.py:93: in click\n    self._execute(Command.CLICK_ELEMENT)\n..\\AppData\\Local\\Programs\\Python\\Python313\\Lib\\site-packages\\selenium\\webdriver\\remote\\webelement.py:394: in _execute\n    return self._parent.execute(command, params)\n..\\AppData\\Local\\Programs\\Python\\Python313\\Lib\\site-packages\\selenium\\webdriver\\remote\\webdriver.py:344: in execute\n    self.error_handler.check_response(response)\n_ _ _ _ _ _ _ _ _ _ _ _ _ _ _ _ _ _ _ _ _ _ _ _ _ _ _ _ _ _ _ _ _ _ _ _ _ _ _ _ _ _ _ _ _ _ _ _ _ _ _ _ _ _ _ _ _ _ _ _ _ _ _ _ _ _ _ _ _ _ _ _ _ _ _ _ _ _ _ _ _ _ _ _ _ _ _ _ _ _ _ _ _ _ _ _ _ _ _ _ _\n\nself = <selenium.webdriver.remote.errorhandler.ErrorHandler object at 0x000001C73F818110>\nresponse = {'status': 400, 'value': '{\"value\":{\"error\":\"element click intercepted\",\"message\":\"Element <svg> is not clickable at p...s\":{\"x\":1258,\"y\":236},\"obscuredElement\":\"<svg>\",\"overlayingElement\":\"<div class=\\\\\"Modal_modal_overlay__x2ZCr\\\\\">\"}}}'}\n\n    def check_response(self, response: Dict[str, Any]) -> None:\n        \"\"\"Checks that a JSON response from the WebDriver does not have an\n        error.\n    \n        :Args:\n         - response - The JSON response from the WebDriver server as a dictionary\n           object.\n    \n        :Raises: If the response contains an error message.\n        \"\"\"\n        status = response.get(\"status\", None)\n        if not status or status == ErrorCode.SUCCESS:\n            return\n        value = None\n        message = response.get(\"message\", \"\")\n        screen: str = response.get(\"screen\", \"\")\n        stacktrace = None\n        if isinstance(status, int):\n            value_json = response.get(\"value\", None)\n            if value_json and isinstance(value_json, str):\n                import json\n    \n                try:\n                    value = json.loads(value_json)\n                    if len(value) == 1:\n                        value = value[\"value\"]\n                    status = value.get(\"error\", None)\n                    if not status:\n                        status = value.get(\"status\", ErrorCode.UNKNOWN_ERROR)\n                        message = value.get(\"value\") or value.get(\"message\")\n                        if not isinstance(message, str):\n                            value = message\n                            message = message.get(\"message\")\n                    else:\n                        message = value.get(\"message\", None)\n                except ValueError:\n                    pass\n    \n        exception_class: Type[WebDriverException]\n        e = ErrorCode()\n        error_codes = [item for item in dir(e) if not item.startswith(\"__\")]\n        for error_code in error_codes:\n            error_info = getattr(ErrorCode, error_code)\n            if isinstance(error_info, list) and status in error_info:\n                exception_class = getattr(ExceptionMapping, error_code, WebDriverException)\n                break\n        else:\n            exception_class = WebDriverException\n    \n        if not value:\n            value = response[\"value\"]\n        if isinstance(value, str):\n            raise exception_class(value)\n        if message == \"\" and \"message\" in value:\n            message = value[\"message\"]\n    \n        screen = None  # type: ignore[assignment]\n        if \"screen\" in value:\n            screen = value[\"screen\"]\n    \n        stacktrace = None\n        st_value = value.get(\"stackTrace\") or value.get(\"stacktrace\")\n        if st_value:\n            if isinstance(st_value, str):\n                stacktrace = st_value.split(\"\\n\")\n            else:\n                stacktrace = []\n                try:\n                    for frame in st_value:\n                        line = frame.get(\"lineNumber\", \"\")\n                        file = frame.get(\"fileName\", \"<anonymous>\")\n                        if line:\n                            file = f\"{file}:{line}\"\n                        meth = frame.get(\"methodName\", \"<anonymous>\")\n                        if \"className\" in frame:\n                            meth = f\"{frame['className']}.{meth}\"\n                        msg = \"    at %s (%s)\"\n                        msg = msg % (meth, file)\n                        stacktrace.append(msg)\n                except TypeError:\n                    pass\n        if exception_class == UnexpectedAlertPresentException:\n            alert_text = None\n            if \"data\" in value:\n                alert_text = value[\"data\"].get(\"text\")\n            elif \"alert\" in value:\n                alert_text = value[\"alert\"].get(\"text\")\n            raise exception_class(message, screen, stacktrace, alert_text)  # type: ignore[call-arg]  # mypy is not smart enough here\n>       raise exception_class(message, screen, stacktrace)\nE       selenium.common.exceptions.ElementClickInterceptedException: Message: Element <svg> is not clickable at point (1258,236) because another element <div class=\"Modal_modal_overlay__x2ZCr\"> obscures it\nE       Stacktrace:\nE       RemoteError@chrome://remote/content/shared/RemoteError.sys.mjs:8:8\nE       WebDriverError@chrome://remote/content/shared/webdriver/Errors.sys.mjs:199:5\nE       ElementClickInterceptedError@chrome://remote/content/shared/webdriver/Errors.sys.mjs:351:5\nE       webdriverClickElement@chrome://remote/content/marionette/interaction.sys.mjs:175:11\nE       interaction.clickElement@chrome://remote/content/marionette/interaction.sys.mjs:134:11\nE       clickElement@chrome://remote/content/marionette/actors/MarionetteCommandsChild.sys.mjs:327:29\nE       receiveMessage@chrome://remote/content/marionette/actors/MarionetteCommandsChild.sys.mjs:210:31\n\n..\\AppData\\Local\\Programs\\Python\\Python313\\Lib\\site-packages\\selenium\\webdriver\\remote\\errorhandler.py:229: ElementClickInterceptedException"}, "steps": [{"name": "Выполняем вход в аккаунт", "status": "passed", "steps": [{"name": "Выполняем логин с email: 'goroshko_24@gmail.com'", "status": "passed", "steps": [{"name": "Открываем страницу логина", "status": "passed", "steps": [{"name": "Переходим по URL: 'https://stellarburgers.nomoreparties.site/login'", "status": "passed", "parameters": [{"name": "url", "value": "'https://stellarburgers.nomoreparties.site/login'"}], "start": 1754669282077, "stop": 1754669282866}], "start": 1754669282077, "stop": 1754669282866}, {"name": "Вводим текст ''goroshko_24@gmail.com'' в элемент: ('xpath', \"//input[@name='name']\")", "status": "passed", "steps": [{"name": "Ожидаем элемент: ('xpath', \"//input[@name='name']\")", "status": "passed", "parameters": [{"name": "locator", "value": "('xpath', \"//input[@name='name']\")"}], "start": 1754669282867, "stop": 1754669282886}], "parameters": [{"name": "locator", "value": "('xpath', \"//input[@name='name']\")"}, {"name": "text", "value": "'goroshko_24@gmail.com'"}], "start": 1754669282867, "stop": 1754669282938}, {"name": "Вводим текст ''7160952'' в элемент: ('xpath', \"//input[@name='Пароль']\")", "status": "passed", "steps": [{"name": "Ожидаем элемент: ('xpath', \"//input[@name='Пароль']\")", "status": "passed", "parameters": [{"name": "locator", "value": "('xpath', \"//input[@name='Пароль']\")"}], "start": 1754669282938, "stop": 1754669282960}], "parameters": [{"name": "locator", "value": "('xpath', \"//input[@name='Пароль']\")"}, {"name": "text", "value": "'7160952'"}], "start": 1754669282938, "stop": 1754669282969}, {"name": "Кликаем по элементу через JS: ('css selector', '.button_button__33qZ0')", "status": "passed", "parameters": [{"name": "locator", "value": "('css selector', '.button_button__33qZ0')"}], "start": 1754669282969, "stop": 1754669282980}], "parameters": [{"name": "email", "value": "'goroshko_24@gmail.com'"}, {"name": "password", "value": "'7160952'"}], "start": 1754669282077, "stop": 1754669282980}, {"name": "Ожидаем исчезновение overlay", "status": "passed", "steps": [{"name": "Ожидаем, что элемент исчезнет: ('class name', 'Modal_modal_overlay__x2ZCr')", "status": "passed", "parameters": [{"name": "locator", "value": "('class name', 'Modal_modal_overlay__x2ZCr')"}, {"name": "timeout", "value": "10"}], "start": 1754669282980, "stop": 1754669282989}], "parameters": [{"name": "timeout", "value": "10"}], "start": 1754669282980, "stop": 1754669282989}], "start": 1754669282077, "stop": 1754669282989}, {"name": "Открываем ленту заказов", "status": "passed", "steps": [{"name": "Нажимаем на кнопку 'Лента заказов'", "status": "passed", "steps": [{"name": "Ожидаем появления элемента: ('xpath', \"//h1[@class='text text_type_main-large mb-5 mt-10']\")", "status": "passed", "parameters": [{"name": "locator", "value": "('xpath', \"//h1[@class='text text_type_main-large mb-5 mt-10']\")"}], "start": 1754669282989, "stop": 1754669283502}, {"name": "Кликаем по элементу, когда он станет кликабельным: ('xpath', \"//p[contains(text(),'Лента Заказов')]\")", "status": "passed", "parameters": [{"name": "locator", "value": "('xpath', \"//p[contains(text(),'Лента Заказов')]\")"}], "start": 1754669283502, "stop": 1754669283582}], "start": 1754669282989, "stop": 1754669283582}, {"name": "Ожидаем исчезновение overlay", "status": "passed", "steps": [{"name": "Ожидаем, что элемент исчезнет: ('class name', 'Modal_modal_overlay__x2ZCr')", "status": "passed", "parameters": [{"name": "locator", "value": "('class name', 'Modal_modal_overlay__x2ZCr')"}, {"name": "timeout", "value": "10"}], "start": 1754669283582, "stop": 1754669283593}], "parameters": [{"name": "timeout", "value": "10"}], "start": 1754669283582, "stop": 1754669283593}], "start": 1754669282989, "stop": 1754669283593}, {"name": "Получаем начальный счётчик заказов", "status": "passed", "steps": [{"name": "Получаем общее количество заказов", "status": "passed", "steps": [{"name": "Получаем текст из элемента: ('xpath', \"//div[@class='undefined mb-15']//p[contains(@class, 'OrderFeed_number__2MbrQ')]\")", "status": "passed", "steps": [{"name": "Ожидаем элемент: ('xpath', \"//div[@class='undefined mb-15']//p[contains(@class, 'OrderFeed_number__2MbrQ')]\")", "status": "passed", "parameters": [{"name": "locator", "value": "('xpath', \"//div[@class='undefined mb-15']//p[contains(@class, 'OrderFeed_number__2MbrQ')]\")"}], "start": 1754669283593, "stop": 1754669284606}], "parameters": [{"name": "locator", "value": "('xpath', \"//div[@class='undefined mb-15']//p[contains(@class, 'OrderFeed_number__2MbrQ')]\")"}], "start": 1754669283593, "stop": 1754669284610}], "start": 1754669283593, "stop": 1754669284610}], "start": 1754669283593, "stop": 1754669284610}, {"name": "Создаем новый заказ", "status": "broken", "statusDetails": {"message": "selenium.common.exceptions.ElementClickInterceptedException: Message: Element <svg> is not clickable at point (1258,236) because another element <div class=\"Modal_modal_overlay__x2ZCr\"> obscures it\nStacktrace:\nRemoteError@chrome://remote/content/shared/RemoteError.sys.mjs:8:8\nWebDriverError@chrome://remote/content/shared/webdriver/Errors.sys.mjs:199:5\nElementClickInterceptedError@chrome://remote/content/shared/webdriver/Errors.sys.mjs:351:5\nwebdriverClickElement@chrome://remote/content/marionette/interaction.sys.mjs:175:11\ninteraction.clickElement@chrome://remote/content/marionette/interaction.sys.mjs:134:11\nclickElement@chrome://remote/content/marionette/actors/MarionetteCommandsChild.sys.mjs:327:29\nreceiveMessage@chrome://remote/content/marionette/actors/MarionetteCommandsChild.sys.mjs:210:31\n\n", "trace": "  File \"C:\\Users\\Roggerus\\Diplom_3\\tests\\test_order_feed_page.py\", line 75, in test_total_orders_counter_increases_after_new_order\n    order_feed_page.click_close_order_details()\n    ~~~~~~~~~~~~~~~~~~~~~~~~~~~~~~~~~~~~~~~~~^^\n  File \"C:\\Users\\Roggerus\\AppData\\Local\\Programs\\Python\\Python313\\Lib\\site-packages\\allure_commons\\_allure.py\", line 202, in impl\n    return func(*a, **kw)\n  File \"C:\\Users\\Roggerus\\Diplom_3\\pages\\order_feed_page.py\", line 53, in click_close_order_details\n    self.click_when_clickable(OrderFeedPageLocators.CLOSE_ORDER_DETAILS_BUTTON)\n    ~~~~~~~~~~~~~~~~~~~~~~~~~^^^^^^^^^^^^^^^^^^^^^^^^^^^^^^^^^^^^^^^^^^^^^^^^^^\n  File \"C:\\Users\\Roggerus\\AppData\\Local\\Programs\\Python\\Python313\\Lib\\site-packages\\allure_commons\\_allure.py\", line 202, in impl\n    return func(*a, **kw)\n  File \"C:\\Users\\Roggerus\\Diplom_3\\pages\\base_page.py\", line 51, in click_when_clickable\n    self.driver.find_element(*locator).click()\n    ~~~~~~~~~~~~~~~~~~~~~~~~~~~~~~~~~~~~~~~~^^\n  File \"C:\\Users\\Roggerus\\AppData\\Local\\Programs\\Python\\Python313\\Lib\\site-packages\\selenium\\webdriver\\remote\\webelement.py\", line 93, in click\n    self._execute(Command.CLICK_ELEMENT)\n    ~~~~~~~~~~~~~^^^^^^^^^^^^^^^^^^^^^^^\n  File \"C:\\Users\\Roggerus\\AppData\\Local\\Programs\\Python\\Python313\\Lib\\site-packages\\selenium\\webdriver\\remote\\webelement.py\", line 394, in _execute\n    return self._parent.execute(command, params)\n           ~~~~~~~~~~~~~~~~~~~~^^^^^^^^^^^^^^^^^\n  File \"C:\\Users\\Roggerus\\AppData\\Local\\Programs\\Python\\Python313\\Lib\\site-packages\\selenium\\webdriver\\remote\\webdriver.py\", line 344, in execute\n    self.error_handler.check_response(response)\n    ~~~~~~~~~~~~~~~~~~~~~~~~~~~~~~~~~^^^^^^^^^^\n  File \"C:\\Users\\Roggerus\\AppData\\Local\\Programs\\Python\\Python313\\Lib\\site-packages\\selenium\\webdriver\\remote\\errorhandler.py\", line 229, in check_response\n    raise exception_class(message, screen, stacktrace)\n"}, "steps": [{"name": "Нажимаем на кнопку 'Конструктор'", "status": "passed", "steps": [{"name": "Кликаем по элементу: ('xpath', \"//p[contains(text(),'Конструктор')]\")", "status": "passed", "parameters": [{"name": "locator", "value": "('xpath', \"//p[contains(text(),'Конструктор')]\")"}], "start": 1754669284610, "stop": 1754669284891}], "start": 1754669284610, "stop": 1754669284891}, {"name": "Ожидаем исчезновение overlay", "status": "passed", "steps": [{"name": "Ожидаем, что элемент исчезнет: ('class name', 'Modal_modal_overlay__x2ZCr')", "status": "passed", "parameters": [{"name": "locator", "value": "('class name', 'Modal_modal_overlay__x2ZCr')"}, {"name": "timeout", "value": "10"}], "start": 1754669284891, "stop": 1754669284900}], "parameters": [{"name": "timeout", "value": "10"}], "start": 1754669284891, "stop": 1754669284900}, {"name": "Перетаскиваем ингредиент в конструктор", "status": "passed", "steps": [{"name": "Перетаскиваем элемент: ('xpath', \"//img[@alt='Флюоресцентная булка R2-D3']\") → ('xpath', \"//img[@alt='Перетяните булочку сюда (верх)']\")", "status": "passed", "steps": [{"name": "Ожидаем элемент: ('xpath', \"//img[@alt='Флюоресцентная булка R2-D3']\")", "status": "passed", "parameters": [{"name": "locator", "value": "('xpath', \"//img[@alt='Флюоресцентная булка R2-D3']\")"}], "start": 1754669284900, "stop": 1754669284911}, {"name": "Ожидаем элемент: ('xpath', \"//img[@alt='Перетяните булочку сюда (верх)']\")", "status": "passed", "parameters": [{"name": "locator", "value": "('xpath', \"//img[@alt='Перетяните булочку сюда (верх)']\")"}], "start": 1754669284911, "stop": 1754669284919}], "parameters": [{"name": "source_locator", "value": "('xpath', \"//img[@alt='Флюоресцентная булка R2-D3']\")"}, {"name": "target_locator", "value": "('xpath', \"//img[@alt='Перетяните булочку сюда (верх)']\")"}], "start": 1754669284900, "stop": 1754669284928}], "start": 1754669284900, "stop": 1754669284928}, {"name": "Нажимаем на кнопку 'Оформить заказ'", "status": "passed", "steps": [{"name": "Кликаем по элементу: ('xpath', \"//button[contains(@class, 'button_button_type_primary__1O7Bx')]\")", "status": "passed", "parameters": [{"name": "locator", "value": "('xpath', \"//button[contains(@class, 'button_button_type_primary__1O7Bx')]\")"}], "start": 1754669284928, "stop": 1754669285196}], "start": 1754669284928, "stop": 1754669285196}, {"name": "Ожидаем исчезновение overlay", "status": "passed", "steps": [{"name": "Ожидаем, что элемент исчезнет: ('class name', 'Modal_modal_overlay__x2ZCr')", "status": "passed", "parameters": [{"name": "locator", "value": "('class name', 'Modal_modal_overlay__x2ZCr')"}, {"name": "timeout", "value": "10"}], "start": 1754669285197, "stop": 1754669285203}], "parameters": [{"name": "timeout", "value": "10"}], "start": 1754669285197, "stop": 1754669285203}, {"name": "Получаем ID заказа из деталей", "status": "passed", "steps": [{"name": "Ожидаем, пока текст элемента ('xpath', \"//h2[contains(@class, 'Modal_modal__title')]\") изменится", "status": "passed", "steps": [{"name": "Получаем текст из элемента: ('xpath', \"//h2[contains(@class, 'Modal_modal__title')]\")", "status": "passed", "steps": [{"name": "Ожидаем элемент: ('xpath', \"//h2[contains(@class, 'Modal_modal__title')]\")", "status": "passed", "parameters": [{"name": "locator", "value": "('xpath', \"//h2[contains(@class, 'Modal_modal__title')]\")"}], "start": 1754669285203, "stop": 1754669285721}], "parameters": [{"name": "locator", "value": "('xpath', \"//h2[contains(@class, 'Modal_modal__title')]\")"}], "start": 1754669285203, "stop": 1754669285726}, {"name": "Получаем текст из элемента: ('xpath', \"//h2[contains(@class, 'Modal_modal__title')]\")", "status": "passed", "steps": [{"name": "Ожидаем элемент: ('xpath', \"//h2[contains(@class, 'Modal_modal__title')]\")", "status": "passed", "parameters": [{"name": "locator", "value": "('xpath', \"//h2[contains(@class, 'Modal_modal__title')]\")"}], "start": 1754669286227, "stop": 1754669286237}], "parameters": [{"name": "locator", "value": "('xpath', \"//h2[contains(@class, 'Modal_modal__title')]\")"}], "start": 1754669286227, "stop": 1754669286243}, {"name": "Получаем текст из элемента: ('xpath', \"//h2[contains(@class, 'Modal_modal__title')]\")", "status": "passed", "steps": [{"name": "Ожидаем элемент: ('xpath', \"//h2[contains(@class, 'Modal_modal__title')]\")", "status": "passed", "parameters": [{"name": "locator", "value": "('xpath', \"//h2[contains(@class, 'Modal_modal__title')]\")"}], "start": 1754669286743, "stop": 1754669286752}], "parameters": [{"name": "locator", "value": "('xpath', \"//h2[contains(@class, 'Modal_modal__title')]\")"}], "start": 1754669286743, "stop": 1754669286755}, {"name": "Получаем текст из элемента: ('xpath', \"//h2[contains(@class, 'Modal_modal__title')]\")", "status": "passed", "steps": [{"name": "Ожидаем элемент: ('xpath', \"//h2[contains(@class, 'Modal_modal__title')]\")", "status": "passed", "parameters": [{"name": "locator", "value": "('xpath', \"//h2[contains(@class, 'Modal_modal__title')]\")"}], "start": 1754669287255, "stop": 1754669287267}], "parameters": [{"name": "locator", "value": "('xpath', \"//h2[contains(@class, 'Modal_modal__title')]\")"}], "start": 1754669287255, "stop": 1754669287271}, {"name": "Получаем текст из элемента: ('xpath', \"//h2[contains(@class, 'Modal_modal__title')]\")", "status": "passed", "steps": [{"name": "Ожидаем элемент: ('xpath', \"//h2[contains(@class, 'Modal_modal__title')]\")", "status": "passed", "parameters": [{"name": "locator", "value": "('xpath', \"//h2[contains(@class, 'Modal_modal__title')]\")"}], "start": 1754669287772, "stop": 1754669287781}], "parameters": [{"name": "locator", "value": "('xpath', \"//h2[contains(@class, 'Modal_modal__title')]\")"}], "start": 1754669287772, "stop": 1754669287785}, {"name": "Ожидаем элемент: ('xpath', \"//h2[contains(@class, 'Modal_modal__title')]\")", "status": "passed", "parameters": [{"name": "locator", "value": "('xpath', \"//h2[contains(@class, 'Modal_modal__title')]\")"}], "start": 1754669287785, "stop": 1754669287796}], "parameters": [{"name": "locator", "value": "('xpath', \"//h2[contains(@class, 'Modal_modal__title')]\")"}, {"name": "initial_text", "value": "'9999'"}, {"name": "timeout", "value": "30"}], "start": 1754669285203, "stop": 1754669287796}, {"name": "Получаем текст из элемента: ('xpath', \"//h2[contains(@class, 'Modal_modal__title')]\")", "status": "passed", "steps": [{"name": "Ожидаем элемент: ('xpath', \"//h2[contains(@class, 'Modal_modal__title')]\")", "status": "passed", "parameters": [{"name": "locator", "value": "('xpath', \"//h2[contains(@class, 'Modal_modal__title')]\")"}], "start": 1754669287796, "stop": 1754669287804}], "parameters": [{"name": "locator", "value": "('xpath', \"//h2[contains(@class, 'Modal_modal__title')]\")"}], "start": 1754669287796, "stop": 1754669287809}], "start": 1754669285203, "stop": 1754669287809}, {"name": "Закрываем окно деталей заказа", "status": "broken", "statusDetails": {"message": "selenium.common.exceptions.ElementClickInterceptedException: Message: Element <svg> is not clickable at point (1258,236) because another element <div class=\"Modal_modal_overlay__x2ZCr\"> obscures it\nStacktrace:\nRemoteError@chrome://remote/content/shared/RemoteError.sys.mjs:8:8\nWebDriverError@chrome://remote/content/shared/webdriver/Errors.sys.mjs:199:5\nElementClickInterceptedError@chrome://remote/content/shared/webdriver/Errors.sys.mjs:351:5\nwebdriverClickElement@chrome://remote/content/marionette/interaction.sys.mjs:175:11\ninteraction.clickElement@chrome://remote/content/marionette/interaction.sys.mjs:134:11\nclickElement@chrome://remote/content/marionette/actors/MarionetteCommandsChild.sys.mjs:327:29\nreceiveMessage@chrome://remote/content/marionette/actors/MarionetteCommandsChild.sys.mjs:210:31\n\n", "trace": "  File \"C:\\Users\\Roggerus\\AppData\\Local\\Programs\\Python\\Python313\\Lib\\site-packages\\allure_commons\\_allure.py\", line 202, in impl\n    return func(*a, **kw)\n  File \"C:\\Users\\Roggerus\\Diplom_3\\pages\\order_feed_page.py\", line 53, in click_close_order_details\n    self.click_when_clickable(OrderFeedPageLocators.CLOSE_ORDER_DETAILS_BUTTON)\n    ~~~~~~~~~~~~~~~~~~~~~~~~~^^^^^^^^^^^^^^^^^^^^^^^^^^^^^^^^^^^^^^^^^^^^^^^^^^\n  File \"C:\\Users\\Roggerus\\AppData\\Local\\Programs\\Python\\Python313\\Lib\\site-packages\\allure_commons\\_allure.py\", line 202, in impl\n    return func(*a, **kw)\n  File \"C:\\Users\\Roggerus\\Diplom_3\\pages\\base_page.py\", line 51, in click_when_clickable\n    self.driver.find_element(*locator).click()\n    ~~~~~~~~~~~~~~~~~~~~~~~~~~~~~~~~~~~~~~~~^^\n  File \"C:\\Users\\Roggerus\\AppData\\Local\\Programs\\Python\\Python313\\Lib\\site-packages\\selenium\\webdriver\\remote\\webelement.py\", line 93, in click\n    self._execute(Command.CLICK_ELEMENT)\n    ~~~~~~~~~~~~~^^^^^^^^^^^^^^^^^^^^^^^\n  File \"C:\\Users\\Roggerus\\AppData\\Local\\Programs\\Python\\Python313\\Lib\\site-packages\\selenium\\webdriver\\remote\\webelement.py\", line 394, in _execute\n    return self._parent.execute(command, params)\n           ~~~~~~~~~~~~~~~~~~~~^^^^^^^^^^^^^^^^^\n  File \"C:\\Users\\Roggerus\\AppData\\Local\\Programs\\Python\\Python313\\Lib\\site-packages\\selenium\\webdriver\\remote\\webdriver.py\", line 344, in execute\n    self.error_handler.check_response(response)\n    ~~~~~~~~~~~~~~~~~~~~~~~~~~~~~~~~~^^^^^^^^^^\n  File \"C:\\Users\\Roggerus\\AppData\\Local\\Programs\\Python\\Python313\\Lib\\site-packages\\selenium\\webdriver\\remote\\errorhandler.py\", line 229, in check_response\n    raise exception_class(message, screen, stacktrace)\n"}, "steps": [{"name": "Кликаем по элементу, когда он станет кликабельным: ('xpath', \"//button[@type='button']//*[name()='svg']\")", "status": "broken", "statusDetails": {"message": "selenium.common.exceptions.ElementClickInterceptedException: Message: Element <svg> is not clickable at point (1258,236) because another element <div class=\"Modal_modal_overlay__x2ZCr\"> obscures it\nStacktrace:\nRemoteError@chrome://remote/content/shared/RemoteError.sys.mjs:8:8\nWebDriverError@chrome://remote/content/shared/webdriver/Errors.sys.mjs:199:5\nElementClickInterceptedError@chrome://remote/content/shared/webdriver/Errors.sys.mjs:351:5\nwebdriverClickElement@chrome://remote/content/marionette/interaction.sys.mjs:175:11\ninteraction.clickElement@chrome://remote/content/marionette/interaction.sys.mjs:134:11\nclickElement@chrome://remote/content/marionette/actors/MarionetteCommandsChild.sys.mjs:327:29\nreceiveMessage@chrome://remote/content/marionette/actors/MarionetteCommandsChild.sys.mjs:210:31\n\n", "trace": "  File \"C:\\Users\\Roggerus\\AppData\\Local\\Programs\\Python\\Python313\\Lib\\site-packages\\allure_commons\\_allure.py\", line 202, in impl\n    return func(*a, **kw)\n  File \"C:\\Users\\Roggerus\\Diplom_3\\pages\\base_page.py\", line 51, in click_when_clickable\n    self.driver.find_element(*locator).click()\n    ~~~~~~~~~~~~~~~~~~~~~~~~~~~~~~~~~~~~~~~~^^\n  File \"C:\\Users\\Roggerus\\AppData\\Local\\Programs\\Python\\Python313\\Lib\\site-packages\\selenium\\webdriver\\remote\\webelement.py\", line 93, in click\n    self._execute(Command.CLICK_ELEMENT)\n    ~~~~~~~~~~~~~^^^^^^^^^^^^^^^^^^^^^^^\n  File \"C:\\Users\\Roggerus\\AppData\\Local\\Programs\\Python\\Python313\\Lib\\site-packages\\selenium\\webdriver\\remote\\webelement.py\", line 394, in _execute\n    return self._parent.execute(command, params)\n           ~~~~~~~~~~~~~~~~~~~~^^^^^^^^^^^^^^^^^\n  File \"C:\\Users\\Roggerus\\AppData\\Local\\Programs\\Python\\Python313\\Lib\\site-packages\\selenium\\webdriver\\remote\\webdriver.py\", line 344, in execute\n    self.error_handler.check_response(response)\n    ~~~~~~~~~~~~~~~~~~~~~~~~~~~~~~~~~^^^^^^^^^^\n  File \"C:\\Users\\Roggerus\\AppData\\Local\\Programs\\Python\\Python313\\Lib\\site-packages\\selenium\\webdriver\\remote\\errorhandler.py\", line 229, in check_response\n    raise exception_class(message, screen, stacktrace)\n"}, "parameters": [{"name": "locator", "value": "('xpath', \"//button[@type='button']//*[name()='svg']\")"}], "start": 1754669287809, "stop": 1754669287823}], "start": 1754669287809, "stop": 1754669287825}], "start": 1754669284610, "stop": 1754669287827}], "attachments": [{"name": "stdout", "source": "9c3f1a3a-2bc2-46fa-95be-7fdb5c45edfc-attachment.txt", "type": "text/plain"}], "parameters": [{"name": "driver", "value": "'firefox'"}], "start": 1754669282076, "stop": 1754669287828, "uuid": "e3ea01e4-97ff-466c-8193-8a865e656563", "historyId": "9815e0a8ac86a1f24f38468795b31fe8", "testCaseId": "3e328a75a8b55265d1ff9f5f5bc4bc2f", "fullName": "tests.test_order_feed_page.TestOrderPage#test_total_orders_counter_increases_after_new_order", "labels": [{"name": "feature", "value": "Лента заказов"}, {"name": "story", "value": "Тесты функционала ленты заказов"}, {"name": "parentSuite", "value": "tests"}, {"name": "suite", "value": "test_order_feed_page"}, {"name": "subSuite", "value": "TestOrderPage"}, {"name": "host", "value": "DESKTOP-OIETSGN"}, {"name": "thread", "value": "18836-MainThread"}, {"name": "framework", "value": "pytest"}, {"name": "language", "value": "cpython3"}, {"name": "package", "value": "tests.test_order_feed_page"}]}