{"name": "Тест отображения номера заказа в разделе \"В работе\"", "status": "broken", "statusDetails": {"message": "selenium.common.exceptions.JavascriptException: Message: SyntaxError: expected expression, got '...'\nStacktrace:\n@https://stellarburgers.nomoreparties.site/login:2:7", "trace": "self = <tests.test_order_feed_page.TestOrderPage object at 0x0000025C960FB110>\ndriver = <selenium.webdriver.firefox.webdriver.WebDriver (session=\"c1ee96db-dc8d-4b64-b094-8792541eb39c\")>\n\n    @allure.title('Тест отображения номера заказа в разделе \"В работе\"')\n    def test_order_number_appears_in_in_progress_after_order_placement(self, driver):\n        order_feed_page = OrderFeedPage(driver)\n        main_page = MainPage(driver)\n        account_page = AccountPage(driver)\n    \n        with allure.step('Выполняем вход в аккаунт'):\n            account_page.login(EMAIL, PASSWORD)\n            main_page.wait_for_overlay_to_disappear()\n    \n        with allure.step('Создаем новый заказ'):\n            order_feed_page.click_constructor()\n            main_page.wait_for_overlay_to_disappear()\n    \n>           main_page.drag_and_drop_ingredient()\n\ntests\\test_order_feed_page.py:139: \n_ _ _ _ _ _ _ _ _ _ _ _ _ _ _ _ _ _ _ _ _ _ _ _ _ _ _ _ _ _ _ _ _ _ _ _ _ _ _ _ _ _ _ _ _ _ _ _ _ _ _ _ _ _ _ _ _ _ _ _ _ _ _ _ _ _ _ _ _ _ _ _ _ _ _ _ _ _ _ _ \npages\\main_page.py:34: in drag_and_drop_ingredient\n    self.drag_and_drop(\npages\\base_page.py:59: in drag_and_drop\n    self.driver.execute_script(\"\"\"...\"\"\", element_from, element_to)\n..\\AppData\\Local\\Programs\\Python\\Python313\\Lib\\site-packages\\selenium\\webdriver\\remote\\webdriver.py:404: in execute_script\n    return self.execute(command, {\"script\": script, \"args\": converted_args})[\"value\"]\n..\\AppData\\Local\\Programs\\Python\\Python313\\Lib\\site-packages\\selenium\\webdriver\\remote\\webdriver.py:344: in execute\n    self.error_handler.check_response(response)\n_ _ _ _ _ _ _ _ _ _ _ _ _ _ _ _ _ _ _ _ _ _ _ _ _ _ _ _ _ _ _ _ _ _ _ _ _ _ _ _ _ _ _ _ _ _ _ _ _ _ _ _ _ _ _ _ _ _ _ _ _ _ _ _ _ _ _ _ _ _ _ _ _ _ _ _ _ _ _ _ \n\nself = <selenium.webdriver.remote.errorhandler.ErrorHandler object at 0x0000025C96778550>\nresponse = {'status': 500, 'value': '{\"value\":{\"error\":\"javascript error\",\"message\":\"SyntaxError: expected expression, got \\'...\\'\",\"stacktrace\":\"@https://stellarburgers.nomoreparties.site/login:2:7\\\\n\"}}'}\n\n    def check_response(self, response: Dict[str, Any]) -> None:\n        \"\"\"Checks that a JSON response from the WebDriver does not have an\n        error.\n    \n        :Args:\n         - response - The JSON response from the WebDriver server as a dictionary\n           object.\n    \n        :Raises: If the response contains an error message.\n        \"\"\"\n        status = response.get(\"status\", None)\n        if not status or status == ErrorCode.SUCCESS:\n            return\n        value = None\n        message = response.get(\"message\", \"\")\n        screen: str = response.get(\"screen\", \"\")\n        stacktrace = None\n        if isinstance(status, int):\n            value_json = response.get(\"value\", None)\n            if value_json and isinstance(value_json, str):\n                import json\n    \n                try:\n                    value = json.loads(value_json)\n                    if len(value) == 1:\n                        value = value[\"value\"]\n                    status = value.get(\"error\", None)\n                    if not status:\n                        status = value.get(\"status\", ErrorCode.UNKNOWN_ERROR)\n                        message = value.get(\"value\") or value.get(\"message\")\n                        if not isinstance(message, str):\n                            value = message\n                            message = message.get(\"message\")\n                    else:\n                        message = value.get(\"message\", None)\n                except ValueError:\n                    pass\n    \n        exception_class: Type[WebDriverException]\n        e = ErrorCode()\n        error_codes = [item for item in dir(e) if not item.startswith(\"__\")]\n        for error_code in error_codes:\n            error_info = getattr(ErrorCode, error_code)\n            if isinstance(error_info, list) and status in error_info:\n                exception_class = getattr(ExceptionMapping, error_code, WebDriverException)\n                break\n        else:\n            exception_class = WebDriverException\n    \n        if not value:\n            value = response[\"value\"]\n        if isinstance(value, str):\n            raise exception_class(value)\n        if message == \"\" and \"message\" in value:\n            message = value[\"message\"]\n    \n        screen = None  # type: ignore[assignment]\n        if \"screen\" in value:\n            screen = value[\"screen\"]\n    \n        stacktrace = None\n        st_value = value.get(\"stackTrace\") or value.get(\"stacktrace\")\n        if st_value:\n            if isinstance(st_value, str):\n                stacktrace = st_value.split(\"\\n\")\n            else:\n                stacktrace = []\n                try:\n                    for frame in st_value:\n                        line = frame.get(\"lineNumber\", \"\")\n                        file = frame.get(\"fileName\", \"<anonymous>\")\n                        if line:\n                            file = f\"{file}:{line}\"\n                        meth = frame.get(\"methodName\", \"<anonymous>\")\n                        if \"className\" in frame:\n                            meth = f\"{frame['className']}.{meth}\"\n                        msg = \"    at %s (%s)\"\n                        msg = msg % (meth, file)\n                        stacktrace.append(msg)\n                except TypeError:\n                    pass\n        if exception_class == UnexpectedAlertPresentException:\n            alert_text = None\n            if \"data\" in value:\n                alert_text = value[\"data\"].get(\"text\")\n            elif \"alert\" in value:\n                alert_text = value[\"alert\"].get(\"text\")\n            raise exception_class(message, screen, stacktrace, alert_text)  # type: ignore[call-arg]  # mypy is not smart enough here\n>       raise exception_class(message, screen, stacktrace)\nE       selenium.common.exceptions.JavascriptException: Message: SyntaxError: expected expression, got '...'\nE       Stacktrace:\nE       @https://stellarburgers.nomoreparties.site/login:2:7\n\n..\\AppData\\Local\\Programs\\Python\\Python313\\Lib\\site-packages\\selenium\\webdriver\\remote\\errorhandler.py:229: JavascriptException"}, "steps": [{"name": "Выполняем вход в аккаунт", "status": "passed", "steps": [{"name": "Выполняем логин с email: 'goroshko_24@gmail.com'", "status": "passed", "steps": [{"name": "Открываем страницу логина", "status": "passed", "steps": [{"name": "Навигация по URL: 'https://stellarburgers.nomoreparties.site/login'", "status": "passed", "parameters": [{"name": "url", "value": "'https://stellarburgers.nomoreparties.site/login'"}], "start": 1754667865823, "stop": 1754667866669}], "start": 1754667865823, "stop": 1754667866669}, {"name": "Вводим текст ''goroshko_24@gmail.com'' в элемент: ('xpath', \"//input[@name='name']\")", "status": "passed", "steps": [{"name": "Ожидаем элемент: ('xpath', \"//input[@name='name']\")", "status": "passed", "parameters": [{"name": "locator", "value": "('xpath', \"//input[@name='name']\")"}], "start": 1754667866669, "stop": 1754667866689}], "parameters": [{"name": "locator", "value": "('xpath', \"//input[@name='name']\")"}, {"name": "text", "value": "'goroshko_24@gmail.com'"}], "start": 1754667866669, "stop": 1754667866736}, {"name": "Вводим текст ''7160952'' в элемент: ('xpath', \"//input[@name='Пароль']\")", "status": "passed", "steps": [{"name": "Ожидаем элемент: ('xpath', \"//input[@name='Пароль']\")", "status": "passed", "parameters": [{"name": "locator", "value": "('xpath', \"//input[@name='Пароль']\")"}], "start": 1754667866737, "stop": 1754667866753}], "parameters": [{"name": "locator", "value": "('xpath', \"//input[@name='Пароль']\")"}, {"name": "text", "value": "'7160952'"}], "start": 1754667866737, "stop": 1754667866762}, {"name": "Кликаем по элементу через JS: ('css selector', '.button_button__33qZ0')", "status": "passed", "parameters": [{"name": "locator", "value": "('css selector', '.button_button__33qZ0')"}], "start": 1754667866762, "stop": 1754667866773}], "parameters": [{"name": "email", "value": "'goroshko_24@gmail.com'"}, {"name": "password", "value": "'7160952'"}], "start": 1754667865823, "stop": 1754667866773}, {"name": "Ожидаем исчезновение overlay", "status": "passed", "steps": [{"name": "Ожидаем, что элемент исчезнет: ('class name', 'Modal_modal_overlay__x2ZCr')", "status": "passed", "parameters": [{"name": "locator", "value": "('class name', 'Modal_modal_overlay__x2ZCr')"}, {"name": "timeout", "value": "10"}], "start": 1754667866773, "stop": 1754667866782}], "parameters": [{"name": "timeout", "value": "10"}], "start": 1754667866773, "stop": 1754667866782}], "start": 1754667865823, "stop": 1754667866782}, {"name": "Создаем новый заказ", "status": "broken", "statusDetails": {"message": "selenium.common.exceptions.JavascriptException: Message: SyntaxError: expected expression, got '...'\nStacktrace:\n@https://stellarburgers.nomoreparties.site/login:2:7\n\n", "trace": "  File \"C:\\Users\\Roggerus\\Diplom_3\\tests\\test_order_feed_page.py\", line 139, in test_order_number_appears_in_in_progress_after_order_placement\n    main_page.drag_and_drop_ingredient()\n    ~~~~~~~~~~~~~~~~~~~~~~~~~~~~~~~~~~^^\n  File \"C:\\Users\\Roggerus\\AppData\\Local\\Programs\\Python\\Python313\\Lib\\site-packages\\allure_commons\\_allure.py\", line 202, in impl\n    return func(*a, **kw)\n  File \"C:\\Users\\Roggerus\\Diplom_3\\pages\\main_page.py\", line 34, in drag_and_drop_ingredient\n    self.drag_and_drop(\n    ~~~~~~~~~~~~~~~~~~^\n        MainPageLocators.INGREDIENT_R2D3_BUN,\n        ^^^^^^^^^^^^^^^^^^^^^^^^^^^^^^^^^^^^^\n        MainPageLocators.ORDER_TARGET_TOP\n        ^^^^^^^^^^^^^^^^^^^^^^^^^^^^^^^^^\n    )\n    ^\n  File \"C:\\Users\\Roggerus\\AppData\\Local\\Programs\\Python\\Python313\\Lib\\site-packages\\allure_commons\\_allure.py\", line 202, in impl\n    return func(*a, **kw)\n  File \"C:\\Users\\Roggerus\\Diplom_3\\pages\\base_page.py\", line 59, in drag_and_drop\n    self.driver.execute_script(\"\"\"...\"\"\", element_from, element_to)\n    ~~~~~~~~~~~~~~~~~~~~~~~~~~^^^^^^^^^^^^^^^^^^^^^^^^^^^^^^^^^^^^^\n  File \"C:\\Users\\Roggerus\\AppData\\Local\\Programs\\Python\\Python313\\Lib\\site-packages\\selenium\\webdriver\\remote\\webdriver.py\", line 404, in execute_script\n    return self.execute(command, {\"script\": script, \"args\": converted_args})[\"value\"]\n           ~~~~~~~~~~~~^^^^^^^^^^^^^^^^^^^^^^^^^^^^^^^^^^^^^^^^^^^^^^^^^^^^^\n  File \"C:\\Users\\Roggerus\\AppData\\Local\\Programs\\Python\\Python313\\Lib\\site-packages\\selenium\\webdriver\\remote\\webdriver.py\", line 344, in execute\n    self.error_handler.check_response(response)\n    ~~~~~~~~~~~~~~~~~~~~~~~~~~~~~~~~~^^^^^^^^^^\n  File \"C:\\Users\\Roggerus\\AppData\\Local\\Programs\\Python\\Python313\\Lib\\site-packages\\selenium\\webdriver\\remote\\errorhandler.py\", line 229, in check_response\n    raise exception_class(message, screen, stacktrace)\n"}, "steps": [{"name": "Нажимаем на кнопку 'Конструктор'", "status": "passed", "steps": [{"name": "Кликаем по элементу: ('xpath', \"//p[contains(text(),'Конструктор')]\")", "status": "passed", "parameters": [{"name": "locator", "value": "('xpath', \"//p[contains(text(),'Конструктор')]\")"}], "start": 1754667866782, "stop": 1754667867080}], "start": 1754667866782, "stop": 1754667867080}, {"name": "Ожидаем исчезновение overlay", "status": "passed", "steps": [{"name": "Ожидаем, что элемент исчезнет: ('class name', 'Modal_modal_overlay__x2ZCr')", "status": "passed", "parameters": [{"name": "locator", "value": "('class name', 'Modal_modal_overlay__x2ZCr')"}, {"name": "timeout", "value": "10"}], "start": 1754667867080, "stop": 1754667867088}], "parameters": [{"name": "timeout", "value": "10"}], "start": 1754667867080, "stop": 1754667867088}, {"name": "Перетаскиваем ингредиент в конструктор", "status": "broken", "statusDetails": {"message": "selenium.common.exceptions.JavascriptException: Message: SyntaxError: expected expression, got '...'\nStacktrace:\n@https://stellarburgers.nomoreparties.site/login:2:7\n\n", "trace": "  File \"C:\\Users\\Roggerus\\AppData\\Local\\Programs\\Python\\Python313\\Lib\\site-packages\\allure_commons\\_allure.py\", line 202, in impl\n    return func(*a, **kw)\n  File \"C:\\Users\\Roggerus\\Diplom_3\\pages\\main_page.py\", line 34, in drag_and_drop_ingredient\n    self.drag_and_drop(\n    ~~~~~~~~~~~~~~~~~~^\n        MainPageLocators.INGREDIENT_R2D3_BUN,\n        ^^^^^^^^^^^^^^^^^^^^^^^^^^^^^^^^^^^^^\n        MainPageLocators.ORDER_TARGET_TOP\n        ^^^^^^^^^^^^^^^^^^^^^^^^^^^^^^^^^\n    )\n    ^\n  File \"C:\\Users\\Roggerus\\AppData\\Local\\Programs\\Python\\Python313\\Lib\\site-packages\\allure_commons\\_allure.py\", line 202, in impl\n    return func(*a, **kw)\n  File \"C:\\Users\\Roggerus\\Diplom_3\\pages\\base_page.py\", line 59, in drag_and_drop\n    self.driver.execute_script(\"\"\"...\"\"\", element_from, element_to)\n    ~~~~~~~~~~~~~~~~~~~~~~~~~~^^^^^^^^^^^^^^^^^^^^^^^^^^^^^^^^^^^^^\n  File \"C:\\Users\\Roggerus\\AppData\\Local\\Programs\\Python\\Python313\\Lib\\site-packages\\selenium\\webdriver\\remote\\webdriver.py\", line 404, in execute_script\n    return self.execute(command, {\"script\": script, \"args\": converted_args})[\"value\"]\n           ~~~~~~~~~~~~^^^^^^^^^^^^^^^^^^^^^^^^^^^^^^^^^^^^^^^^^^^^^^^^^^^^^\n  File \"C:\\Users\\Roggerus\\AppData\\Local\\Programs\\Python\\Python313\\Lib\\site-packages\\selenium\\webdriver\\remote\\webdriver.py\", line 344, in execute\n    self.error_handler.check_response(response)\n    ~~~~~~~~~~~~~~~~~~~~~~~~~~~~~~~~~^^^^^^^^^^\n  File \"C:\\Users\\Roggerus\\AppData\\Local\\Programs\\Python\\Python313\\Lib\\site-packages\\selenium\\webdriver\\remote\\errorhandler.py\", line 229, in check_response\n    raise exception_class(message, screen, stacktrace)\n"}, "steps": [{"name": "Drag and drop: ('xpath', \"//img[@alt='Флюоресцентная булка R2-D3']\") → ('xpath', \"//img[@alt='Перетяните булочку сюда (верх)']\")", "status": "broken", "statusDetails": {"message": "selenium.common.exceptions.JavascriptException: Message: SyntaxError: expected expression, got '...'\nStacktrace:\n@https://stellarburgers.nomoreparties.site/login:2:7\n\n", "trace": "  File \"C:\\Users\\Roggerus\\AppData\\Local\\Programs\\Python\\Python313\\Lib\\site-packages\\allure_commons\\_allure.py\", line 202, in impl\n    return func(*a, **kw)\n  File \"C:\\Users\\Roggerus\\Diplom_3\\pages\\base_page.py\", line 59, in drag_and_drop\n    self.driver.execute_script(\"\"\"...\"\"\", element_from, element_to)\n    ~~~~~~~~~~~~~~~~~~~~~~~~~~^^^^^^^^^^^^^^^^^^^^^^^^^^^^^^^^^^^^^\n  File \"C:\\Users\\Roggerus\\AppData\\Local\\Programs\\Python\\Python313\\Lib\\site-packages\\selenium\\webdriver\\remote\\webdriver.py\", line 404, in execute_script\n    return self.execute(command, {\"script\": script, \"args\": converted_args})[\"value\"]\n           ~~~~~~~~~~~~^^^^^^^^^^^^^^^^^^^^^^^^^^^^^^^^^^^^^^^^^^^^^^^^^^^^^\n  File \"C:\\Users\\Roggerus\\AppData\\Local\\Programs\\Python\\Python313\\Lib\\site-packages\\selenium\\webdriver\\remote\\webdriver.py\", line 344, in execute\n    self.error_handler.check_response(response)\n    ~~~~~~~~~~~~~~~~~~~~~~~~~~~~~~~~~^^^^^^^^^^\n  File \"C:\\Users\\Roggerus\\AppData\\Local\\Programs\\Python\\Python313\\Lib\\site-packages\\selenium\\webdriver\\remote\\errorhandler.py\", line 229, in check_response\n    raise exception_class(message, screen, stacktrace)\n"}, "steps": [{"name": "Ожидаем элемент: ('xpath', \"//img[@alt='Флюоресцентная булка R2-D3']\")", "status": "passed", "parameters": [{"name": "locator", "value": "('xpath', \"//img[@alt='Флюоресцентная булка R2-D3']\")"}], "start": 1754667867088, "stop": 1754667867609}, {"name": "Ожидаем элемент: ('xpath', \"//img[@alt='Перетяните булочку сюда (верх)']\")", "status": "passed", "parameters": [{"name": "locator", "value": "('xpath', \"//img[@alt='Перетяните булочку сюда (верх)']\")"}], "start": 1754667867609, "stop": 1754667867621}], "parameters": [{"name": "source_locator", "value": "('xpath', \"//img[@alt='Флюоресцентная булка R2-D3']\")"}, {"name": "target_locator", "value": "('xpath', \"//img[@alt='Перетяните булочку сюда (верх)']\")"}], "start": 1754667867088, "stop": 1754667867627}], "start": 1754667867088, "stop": 1754667867628}], "start": 1754667866782, "stop": 1754667867629}], "attachments": [{"name": "stdout", "source": "74a9bcac-c5c1-4ac4-a52c-7ee0cbde859a-attachment.txt", "type": "text/plain"}], "parameters": [{"name": "driver", "value": "'firefox'"}], "start": 1754667865823, "stop": 1754667867630, "uuid": "88905df4-5309-44e9-9a47-97f2b625d83e", "historyId": "15d544cf1e1cd2089832d03dc5db5111", "testCaseId": "ae5f85c9d6ca5c3d9fa351163962bae1", "fullName": "tests.test_order_feed_page.TestOrderPage#test_order_number_appears_in_in_progress_after_order_placement", "labels": [{"name": "story", "value": "Тесты функционала ленты заказов"}, {"name": "feature", "value": "Лента заказов"}, {"name": "parentSuite", "value": "tests"}, {"name": "suite", "value": "test_order_feed_page"}, {"name": "subSuite", "value": "TestOrderPage"}, {"name": "host", "value": "DESKTOP-OIETSGN"}, {"name": "thread", "value": "18176-MainThread"}, {"name": "framework", "value": "pytest"}, {"name": "language", "value": "cpython3"}, {"name": "package", "value": "tests.test_order_feed_page"}]}